[0.110s] Invoking command in '/home/ubuntu/ASDFR/ASDfR-3/build/colour_segmenter': CMAKE_PREFIX_PATH=${CMAKE_PREFIX_PATH}:/opt/ros/jazzy /usr/bin/cmake --build /home/ubuntu/ASDFR/ASDfR-3/build/colour_segmenter -- -j4 -l4
[0.374s] [ 75%] Built target colour_segment
[0.379s] [100%] Built target colour_segmenter
[0.500s] Invoked command in '/home/ubuntu/ASDFR/ASDfR-3/build/colour_segmenter' returned '0': CMAKE_PREFIX_PATH=${CMAKE_PREFIX_PATH}:/opt/ros/jazzy /usr/bin/cmake --build /home/ubuntu/ASDFR/ASDfR-3/build/colour_segmenter -- -j4 -l4
[0.516s] Invoking command in '/home/ubuntu/ASDFR/ASDfR-3/build/colour_segmenter': CMAKE_PREFIX_PATH=${CMAKE_PREFIX_PATH}:/opt/ros/jazzy /usr/bin/cmake --install /home/ubuntu/ASDFR/ASDfR-3/build/colour_segmenter
[0.534s] -- Install configuration: ""
[0.545s] -- Up-to-date: /home/ubuntu/ASDFR/ASDfR-3/install/colour_segmenter/lib/colour_segmenter/colour_segment
[0.557s] -- Up-to-date: /home/ubuntu/ASDFR/ASDfR-3/install/colour_segmenter/lib/libcolour_segmenter.so
[0.562s] -- Up-to-date: /home/ubuntu/ASDFR/ASDfR-3/install/colour_segmenter/include/colour_segmenter
[0.564s] -- Up-to-date: /home/ubuntu/ASDFR/ASDfR-3/install/colour_segmenter/include/colour_segmenter/colour_segmenter.hpp
[0.568s] -- Up-to-date: /home/ubuntu/ASDFR/ASDfR-3/install/colour_segmenter/share/colour_segmenter/environment/library_path.sh
[0.569s] -- Up-to-date: /home/ubuntu/ASDFR/ASDfR-3/install/colour_segmenter/share/colour_segmenter/environment/library_path.dsv
[0.572s] -- Up-to-date: /home/ubuntu/ASDFR/ASDfR-3/install/colour_segmenter/share/ament_index/resource_index/package_run_dependencies/colour_segmenter
[0.574s] -- Up-to-date: /home/ubuntu/ASDFR/ASDfR-3/install/colour_segmenter/share/ament_index/resource_index/parent_prefix_path/colour_segmenter
[0.575s] -- Up-to-date: /home/ubuntu/ASDFR/ASDfR-3/install/colour_segmenter/share/colour_segmenter/environment/ament_prefix_path.sh
[0.576s] -- Up-to-date: /home/ubuntu/ASDFR/ASDfR-3/install/colour_segmenter/share/colour_segmenter/environment/ament_prefix_path.dsv
[0.577s] -- Up-to-date: /home/ubuntu/ASDFR/ASDfR-3/install/colour_segmenter/share/colour_segmenter/environment/path.sh
[0.577s] -- Up-to-date: /home/ubuntu/ASDFR/ASDfR-3/install/colour_segmenter/share/colour_segmenter/environment/path.dsv
[0.579s] -- Up-to-date: /home/ubuntu/ASDFR/ASDfR-3/install/colour_segmenter/share/colour_segmenter/local_setup.bash
[0.581s] -- Up-to-date: /home/ubuntu/ASDFR/ASDfR-3/install/colour_segmenter/share/colour_segmenter/local_setup.sh
[0.583s] -- Up-to-date: /home/ubuntu/ASDFR/ASDfR-3/install/colour_segmenter/share/colour_segmenter/local_setup.zsh
[0.584s] -- Up-to-date: /home/ubuntu/ASDFR/ASDfR-3/install/colour_segmenter/share/colour_segmenter/local_setup.dsv
[0.586s] -- Installing: /home/ubuntu/ASDFR/ASDfR-3/install/colour_segmenter/share/colour_segmenter/package.dsv
[0.595s] -- Up-to-date: /home/ubuntu/ASDFR/ASDfR-3/install/colour_segmenter/share/ament_index/resource_index/packages/colour_segmenter
[0.596s] -- Up-to-date: /home/ubuntu/ASDFR/ASDfR-3/install/colour_segmenter/share/ament_index/resource_index/rclcpp_components/colour_segmenter
[0.602s] -- Up-to-date: /home/ubuntu/ASDFR/ASDfR-3/install/colour_segmenter/share/colour_segmenter/cmake/colour_segmenterExport.cmake
[0.607s] -- Up-to-date: /home/ubuntu/ASDFR/ASDfR-3/install/colour_segmenter/share/colour_segmenter/cmake/colour_segmenterExport-noconfig.cmake
[0.608s] -- Up-to-date: /home/ubuntu/ASDFR/ASDfR-3/install/colour_segmenter/share/colour_segmenter/cmake/ament_cmake_export_libraries-extras.cmake
[0.613s] -- Up-to-date: /home/ubuntu/ASDFR/ASDfR-3/install/colour_segmenter/share/colour_segmenter/cmake/ament_cmake_export_targets-extras.cmake
[0.615s] -- Up-to-date: /home/ubuntu/ASDFR/ASDfR-3/install/colour_segmenter/share/colour_segmenter/cmake/ament_cmake_export_dependencies-extras.cmake
[0.615s] -- Up-to-date: /home/ubuntu/ASDFR/ASDfR-3/install/colour_segmenter/share/colour_segmenter/cmake/colour_segmenterConfig.cmake
[0.617s] -- Up-to-date: /home/ubuntu/ASDFR/ASDfR-3/install/colour_segmenter/share/colour_segmenter/cmake/colour_segmenterConfig-version.cmake
[0.617s] -- Up-to-date: /home/ubuntu/ASDFR/ASDfR-3/install/colour_segmenter/share/colour_segmenter/package.xml
[0.769s] Invoked command in '/home/ubuntu/ASDFR/ASDfR-3/build/colour_segmenter' returned '0': CMAKE_PREFIX_PATH=${CMAKE_PREFIX_PATH}:/opt/ros/jazzy /usr/bin/cmake --install /home/ubuntu/ASDFR/ASDfR-3/build/colour_segmenter
