[0.065s] Invoking command in '/home/ubuntu/ASDFR/ASDfR-3/build/relbot_simulator': CMAKE_PREFIX_PATH=/home/ubuntu/ASDFR/ASDfR-3/install/test_node:/home/ubuntu/ASDFR/ASDfR-3/install/relbot_simulator:/home/ubuntu/ASDFR/ASDfR-3/install/object_identifier:/home/ubuntu/ASDFR/ASDfR-3/install/colour_segmenter:/home/ubuntu/ASDFR/ASDfR-3/install/cam2image_vm2ros:/opt/ros/jazzy:/home/ubuntu/ASDFR/ASDfR-3/install/asdfr_msgs:/opt/ros/jazzy/opt/gz_sim_vendor:/opt/ros/jazzy/opt/gz_sensors_vendor:/opt/ros/jazzy/opt/gz_physics_vendor:/opt/ros/jazzy/opt/sdformat_vendor:/opt/ros/jazzy/opt/gz_gui_vendor:/opt/ros/jazzy/opt/gz_transport_vendor:/opt/ros/jazzy/opt/gz_rendering_vendor:/opt/ros/jazzy/opt/gz_plugin_vendor:/opt/ros/jazzy/opt/gz_fuel_tools_vendor:/opt/ros/jazzy/opt/gz_msgs_vendor:/opt/ros/jazzy/opt/gz_common_vendor:/opt/ros/jazzy/opt/gz_math_vendor:/opt/ros/jazzy/opt/gz_utils_vendor:/opt/ros/jazzy/opt/gz_tools_vendor:/opt/ros/jazzy/opt/gz_ogre_next_vendor:/opt/ros/jazzy/opt/gz_dartsim_vendor:/opt/ros/jazzy/opt/gz_cmake_vendor /usr/bin/cmake --build /home/ubuntu/ASDFR/ASDfR-3/build/relbot_simulator -- -j4 -l4
[0.649s] [100%] Built target relbot_simulator
[0.809s] Invoked command in '/home/ubuntu/ASDFR/ASDfR-3/build/relbot_simulator' returned '0': CMAKE_PREFIX_PATH=/home/ubuntu/ASDFR/ASDfR-3/install/test_node:/home/ubuntu/ASDFR/ASDfR-3/install/relbot_simulator:/home/ubuntu/ASDFR/ASDfR-3/install/object_identifier:/home/ubuntu/ASDFR/ASDfR-3/install/colour_segmenter:/home/ubuntu/ASDFR/ASDfR-3/install/cam2image_vm2ros:/opt/ros/jazzy:/home/ubuntu/ASDFR/ASDfR-3/install/asdfr_msgs:/opt/ros/jazzy/opt/gz_sim_vendor:/opt/ros/jazzy/opt/gz_sensors_vendor:/opt/ros/jazzy/opt/gz_physics_vendor:/opt/ros/jazzy/opt/sdformat_vendor:/opt/ros/jazzy/opt/gz_gui_vendor:/opt/ros/jazzy/opt/gz_transport_vendor:/opt/ros/jazzy/opt/gz_rendering_vendor:/opt/ros/jazzy/opt/gz_plugin_vendor:/opt/ros/jazzy/opt/gz_fuel_tools_vendor:/opt/ros/jazzy/opt/gz_msgs_vendor:/opt/ros/jazzy/opt/gz_common_vendor:/opt/ros/jazzy/opt/gz_math_vendor:/opt/ros/jazzy/opt/gz_utils_vendor:/opt/ros/jazzy/opt/gz_tools_vendor:/opt/ros/jazzy/opt/gz_ogre_next_vendor:/opt/ros/jazzy/opt/gz_dartsim_vendor:/opt/ros/jazzy/opt/gz_cmake_vendor /usr/bin/cmake --build /home/ubuntu/ASDFR/ASDfR-3/build/relbot_simulator -- -j4 -l4
[0.813s] Invoking command in '/home/ubuntu/ASDFR/ASDfR-3/build/relbot_simulator': CMAKE_PREFIX_PATH=/home/ubuntu/ASDFR/ASDfR-3/install/test_node:/home/ubuntu/ASDFR/ASDfR-3/install/relbot_simulator:/home/ubuntu/ASDFR/ASDfR-3/install/object_identifier:/home/ubuntu/ASDFR/ASDfR-3/install/colour_segmenter:/home/ubuntu/ASDFR/ASDfR-3/install/cam2image_vm2ros:/opt/ros/jazzy:/home/ubuntu/ASDFR/ASDfR-3/install/asdfr_msgs:/opt/ros/jazzy/opt/gz_sim_vendor:/opt/ros/jazzy/opt/gz_sensors_vendor:/opt/ros/jazzy/opt/gz_physics_vendor:/opt/ros/jazzy/opt/sdformat_vendor:/opt/ros/jazzy/opt/gz_gui_vendor:/opt/ros/jazzy/opt/gz_transport_vendor:/opt/ros/jazzy/opt/gz_rendering_vendor:/opt/ros/jazzy/opt/gz_plugin_vendor:/opt/ros/jazzy/opt/gz_fuel_tools_vendor:/opt/ros/jazzy/opt/gz_msgs_vendor:/opt/ros/jazzy/opt/gz_common_vendor:/opt/ros/jazzy/opt/gz_math_vendor:/opt/ros/jazzy/opt/gz_utils_vendor:/opt/ros/jazzy/opt/gz_tools_vendor:/opt/ros/jazzy/opt/gz_ogre_next_vendor:/opt/ros/jazzy/opt/gz_dartsim_vendor:/opt/ros/jazzy/opt/gz_cmake_vendor /usr/bin/cmake --install /home/ubuntu/ASDFR/ASDfR-3/build/relbot_simulator
[0.901s] -- Install configuration: ""
[0.905s] -- Up-to-date: /home/ubuntu/ASDFR/ASDfR-3/install/relbot_simulator/lib/relbot_simulator/relbot_simulator
[0.912s] -- Up-to-date: /home/ubuntu/ASDFR/ASDfR-3/install/relbot_simulator/include
[0.917s] -- Up-to-date: /home/ubuntu/ASDFR/ASDfR-3/install/relbot_simulator/include/xxinverse.h
[0.919s] -- Up-to-date: /home/ubuntu/ASDFR/ASDfR-3/install/relbot_simulator/include/MotionProfiles.h
[0.921s] -- Up-to-date: /home/ubuntu/ASDFR/ASDfR-3/install/relbot_simulator/include/xxinteg.cpp
[0.922s] -- Up-to-date: /home/ubuntu/ASDFR/ASDfR-3/install/relbot_simulator/include/EulerAngles.h
[0.923s] -- Up-to-date: /home/ubuntu/ASDFR/ASDfR-3/install/relbot_simulator/include/xxinverse.cpp
[0.923s] -- Up-to-date: /home/ubuntu/ASDFR/ASDfR-3/install/relbot_simulator/include/xxfuncs.h
[0.924s] -- Up-to-date: /home/ubuntu/ASDFR/ASDfR-3/install/relbot_simulator/include/EulerAngles.cpp
[0.925s] -- Up-to-date: /home/ubuntu/ASDFR/ASDfR-3/install/relbot_simulator/include/xxinteg.h
[0.926s] -- Up-to-date: /home/ubuntu/ASDFR/ASDfR-3/install/relbot_simulator/include/xxmatrix.h
[0.927s] -- Up-to-date: /home/ubuntu/ASDFR/ASDfR-3/install/relbot_simulator/include/xxfuncs.cpp
[0.929s] -- Up-to-date: /home/ubuntu/ASDFR/ASDfR-3/install/relbot_simulator/include/xxmodel.h
[0.930s] -- Up-to-date: /home/ubuntu/ASDFR/ASDfR-3/install/relbot_simulator/include/MotionProfiles.cpp
[0.931s] -- Up-to-date: /home/ubuntu/ASDFR/ASDfR-3/install/relbot_simulator/include/xxmatrix.cpp
[0.931s] -- Up-to-date: /home/ubuntu/ASDFR/ASDfR-3/install/relbot_simulator/include/xxtypes.h
[0.933s] -- Up-to-date: /home/ubuntu/ASDFR/ASDfR-3/install/relbot_simulator/share/ament_index/resource_index/package_run_dependencies/relbot_simulator
[0.934s] -- Up-to-date: /home/ubuntu/ASDFR/ASDfR-3/install/relbot_simulator/share/ament_index/resource_index/parent_prefix_path/relbot_simulator
[0.936s] -- Up-to-date: /home/ubuntu/ASDFR/ASDfR-3/install/relbot_simulator/share/relbot_simulator/environment/ament_prefix_path.sh
[0.937s] -- Up-to-date: /home/ubuntu/ASDFR/ASDfR-3/install/relbot_simulator/share/relbot_simulator/environment/ament_prefix_path.dsv
[0.940s] -- Up-to-date: /home/ubuntu/ASDFR/ASDfR-3/install/relbot_simulator/share/relbot_simulator/environment/path.sh
[0.940s] -- Up-to-date: /home/ubuntu/ASDFR/ASDfR-3/install/relbot_simulator/share/relbot_simulator/environment/path.dsv
[0.941s] -- Up-to-date: /home/ubuntu/ASDFR/ASDfR-3/install/relbot_simulator/share/relbot_simulator/local_setup.bash
[0.943s] -- Up-to-date: /home/ubuntu/ASDFR/ASDfR-3/install/relbot_simulator/share/relbot_simulator/local_setup.sh
[0.944s] -- Up-to-date: /home/ubuntu/ASDFR/ASDfR-3/install/relbot_simulator/share/relbot_simulator/local_setup.zsh
[0.946s] -- Up-to-date: /home/ubuntu/ASDFR/ASDfR-3/install/relbot_simulator/share/relbot_simulator/local_setup.dsv
[0.949s] -- Installing: /home/ubuntu/ASDFR/ASDfR-3/install/relbot_simulator/share/relbot_simulator/package.dsv
[0.963s] -- Up-to-date: /home/ubuntu/ASDFR/ASDfR-3/install/relbot_simulator/share/ament_index/resource_index/packages/relbot_simulator
[0.971s] -- Up-to-date: /home/ubuntu/ASDFR/ASDfR-3/install/relbot_simulator/share/relbot_simulator/cmake/relbot_simulatorConfig.cmake
[0.972s] -- Up-to-date: /home/ubuntu/ASDFR/ASDfR-3/install/relbot_simulator/share/relbot_simulator/cmake/relbot_simulatorConfig-version.cmake
[0.974s] -- Up-to-date: /home/ubuntu/ASDFR/ASDfR-3/install/relbot_simulator/share/relbot_simulator/package.xml
[0.976s] -- Up-to-date: /home/ubuntu/ASDFR/ASDfR-3/install/relbot_simulator/share/relbot_simulator//launch
[0.980s] -- Up-to-date: /home/ubuntu/ASDFR/ASDfR-3/install/relbot_simulator/share/relbot_simulator//launch/relbot_simulator.launch.py
[1.233s] Invoked command in '/home/ubuntu/ASDFR/ASDfR-3/build/relbot_simulator' returned '0': CMAKE_PREFIX_PATH=/home/ubuntu/ASDFR/ASDfR-3/install/test_node:/home/ubuntu/ASDFR/ASDfR-3/install/relbot_simulator:/home/ubuntu/ASDFR/ASDfR-3/install/object_identifier:/home/ubuntu/ASDFR/ASDfR-3/install/colour_segmenter:/home/ubuntu/ASDFR/ASDfR-3/install/cam2image_vm2ros:/opt/ros/jazzy:/home/ubuntu/ASDFR/ASDfR-3/install/asdfr_msgs:/opt/ros/jazzy/opt/gz_sim_vendor:/opt/ros/jazzy/opt/gz_sensors_vendor:/opt/ros/jazzy/opt/gz_physics_vendor:/opt/ros/jazzy/opt/sdformat_vendor:/opt/ros/jazzy/opt/gz_gui_vendor:/opt/ros/jazzy/opt/gz_transport_vendor:/opt/ros/jazzy/opt/gz_rendering_vendor:/opt/ros/jazzy/opt/gz_plugin_vendor:/opt/ros/jazzy/opt/gz_fuel_tools_vendor:/opt/ros/jazzy/opt/gz_msgs_vendor:/opt/ros/jazzy/opt/gz_common_vendor:/opt/ros/jazzy/opt/gz_math_vendor:/opt/ros/jazzy/opt/gz_utils_vendor:/opt/ros/jazzy/opt/gz_tools_vendor:/opt/ros/jazzy/opt/gz_ogre_next_vendor:/opt/ros/jazzy/opt/gz_dartsim_vendor:/opt/ros/jazzy/opt/gz_cmake_vendor /usr/bin/cmake --install /home/ubuntu/ASDFR/ASDfR-3/build/relbot_simulator
