[ 50%] Built target colour_segmenter
[100%] Built target colour_segment
-- Install configuration: ""
-- Up-to-date: /home/ubuntu/ASDFR/ASDfR-3/install/colour_segmenter/lib/colour_segmenter/colour_segment
-- Up-to-date: /home/ubuntu/ASDFR/ASDfR-3/install/colour_segmenter/lib/libcolour_segmenter.so
-- Up-to-date: /home/ubuntu/ASDFR/ASDfR-3/install/colour_segmenter/include/colour_segmenter
-- Up-to-date: /home/ubuntu/ASDFR/ASDfR-3/install/colour_segmenter/include/colour_segmenter/colour_segmenter.hpp
-- Up-to-date: /home/ubuntu/ASDFR/ASDfR-3/install/colour_segmenter/share/colour_segmenter/environment/library_path.sh
-- Up-to-date: /home/ubuntu/ASDFR/ASDfR-3/install/colour_segmenter/share/colour_segmenter/environment/library_path.dsv
-- Up-to-date: /home/ubuntu/ASDFR/ASDfR-3/install/colour_segmenter/share/ament_index/resource_index/package_run_dependencies/colour_segmenter
-- Up-to-date: /home/ubuntu/ASDFR/ASDfR-3/install/colour_segmenter/share/ament_index/resource_index/parent_prefix_path/colour_segmenter
-- Up-to-date: /home/ubuntu/ASDFR/ASDfR-3/install/colour_segmenter/share/colour_segmenter/environment/ament_prefix_path.sh
-- Up-to-date: /home/ubuntu/ASDFR/ASDfR-3/install/colour_segmenter/share/colour_segmenter/environment/ament_prefix_path.dsv
-- Up-to-date: /home/ubuntu/ASDFR/ASDfR-3/install/colour_segmenter/share/colour_segmenter/environment/path.sh
-- Up-to-date: /home/ubuntu/ASDFR/ASDfR-3/install/colour_segmenter/share/colour_segmenter/environment/path.dsv
-- Up-to-date: /home/ubuntu/ASDFR/ASDfR-3/install/colour_segmenter/share/colour_segmenter/local_setup.bash
-- Up-to-date: /home/ubuntu/ASDFR/ASDfR-3/install/colour_segmenter/share/colour_segmenter/local_setup.sh
-- Up-to-date: /home/ubuntu/ASDFR/ASDfR-3/install/colour_segmenter/share/colour_segmenter/local_setup.zsh
-- Up-to-date: /home/ubuntu/ASDFR/ASDfR-3/install/colour_segmenter/share/colour_segmenter/local_setup.dsv
-- Installing: /home/ubuntu/ASDFR/ASDfR-3/install/colour_segmenter/share/colour_segmenter/package.dsv
-- Up-to-date: /home/ubuntu/ASDFR/ASDfR-3/install/colour_segmenter/share/ament_index/resource_index/packages/colour_segmenter
-- Up-to-date: /home/ubuntu/ASDFR/ASDfR-3/install/colour_segmenter/share/ament_index/resource_index/rclcpp_components/colour_segmenter
-- Up-to-date: /home/ubuntu/ASDFR/ASDfR-3/install/colour_segmenter/share/colour_segmenter/cmake/colour_segmenterExport.cmake
-- Up-to-date: /home/ubuntu/ASDFR/ASDfR-3/install/colour_segmenter/share/colour_segmenter/cmake/colour_segmenterExport-noconfig.cmake
-- Up-to-date: /home/ubuntu/ASDFR/ASDfR-3/install/colour_segmenter/share/colour_segmenter/cmake/ament_cmake_export_libraries-extras.cmake
-- Up-to-date: /home/ubuntu/ASDFR/ASDfR-3/install/colour_segmenter/share/colour_segmenter/cmake/ament_cmake_export_targets-extras.cmake
-- Up-to-date: /home/ubuntu/ASDFR/ASDfR-3/install/colour_segmenter/share/colour_segmenter/cmake/ament_cmake_export_dependencies-extras.cmake
-- Up-to-date: /home/ubuntu/ASDFR/ASDfR-3/install/colour_segmenter/share/colour_segmenter/cmake/colour_segmenterConfig.cmake
-- Up-to-date: /home/ubuntu/ASDFR/ASDfR-3/install/colour_segmenter/share/colour_segmenter/cmake/colour_segmenterConfig-version.cmake
-- Up-to-date: /home/ubuntu/ASDFR/ASDfR-3/install/colour_segmenter/share/colour_segmenter/package.xml
