[0.073s] Invoking command in '/home/ubuntu/ASDFR/ASDfR-3/build/colour_segmenter': CMAKE_PREFIX_PATH=/home/ubuntu/ASDFR/ASDfR-3/install/test_node:/home/ubuntu/ASDFR/ASDfR-3/install/relbot_simulator:/home/ubuntu/ASDFR/ASDfR-3/install/object_identifier:/home/ubuntu/ASDFR/ASDfR-3/install/colour_segmenter:/home/ubuntu/ASDFR/ASDfR-3/install/cam2image_vm2ros:/opt/ros/jazzy:/home/ubuntu/ASDFR/ASDfR-3/install/asdfr_msgs:/opt/ros/jazzy/opt/gz_sim_vendor:/opt/ros/jazzy/opt/gz_sensors_vendor:/opt/ros/jazzy/opt/gz_physics_vendor:/opt/ros/jazzy/opt/sdformat_vendor:/opt/ros/jazzy/opt/gz_gui_vendor:/opt/ros/jazzy/opt/gz_transport_vendor:/opt/ros/jazzy/opt/gz_rendering_vendor:/opt/ros/jazzy/opt/gz_plugin_vendor:/opt/ros/jazzy/opt/gz_fuel_tools_vendor:/opt/ros/jazzy/opt/gz_msgs_vendor:/opt/ros/jazzy/opt/gz_common_vendor:/opt/ros/jazzy/opt/gz_math_vendor:/opt/ros/jazzy/opt/gz_utils_vendor:/opt/ros/jazzy/opt/gz_tools_vendor:/opt/ros/jazzy/opt/gz_ogre_next_vendor:/opt/ros/jazzy/opt/gz_dartsim_vendor:/opt/ros/jazzy/opt/gz_cmake_vendor /usr/bin/cmake --build /home/ubuntu/ASDFR/ASDfR-3/build/colour_segmenter -- -j4 -l4
[0.636s] [ 50%] Built target colour_segmenter
[0.667s] [100%] Built target colour_segment
[0.834s] Invoked command in '/home/ubuntu/ASDFR/ASDfR-3/build/colour_segmenter' returned '0': CMAKE_PREFIX_PATH=/home/ubuntu/ASDFR/ASDfR-3/install/test_node:/home/ubuntu/ASDFR/ASDfR-3/install/relbot_simulator:/home/ubuntu/ASDFR/ASDfR-3/install/object_identifier:/home/ubuntu/ASDFR/ASDfR-3/install/colour_segmenter:/home/ubuntu/ASDFR/ASDfR-3/install/cam2image_vm2ros:/opt/ros/jazzy:/home/ubuntu/ASDFR/ASDfR-3/install/asdfr_msgs:/opt/ros/jazzy/opt/gz_sim_vendor:/opt/ros/jazzy/opt/gz_sensors_vendor:/opt/ros/jazzy/opt/gz_physics_vendor:/opt/ros/jazzy/opt/sdformat_vendor:/opt/ros/jazzy/opt/gz_gui_vendor:/opt/ros/jazzy/opt/gz_transport_vendor:/opt/ros/jazzy/opt/gz_rendering_vendor:/opt/ros/jazzy/opt/gz_plugin_vendor:/opt/ros/jazzy/opt/gz_fuel_tools_vendor:/opt/ros/jazzy/opt/gz_msgs_vendor:/opt/ros/jazzy/opt/gz_common_vendor:/opt/ros/jazzy/opt/gz_math_vendor:/opt/ros/jazzy/opt/gz_utils_vendor:/opt/ros/jazzy/opt/gz_tools_vendor:/opt/ros/jazzy/opt/gz_ogre_next_vendor:/opt/ros/jazzy/opt/gz_dartsim_vendor:/opt/ros/jazzy/opt/gz_cmake_vendor /usr/bin/cmake --build /home/ubuntu/ASDFR/ASDfR-3/build/colour_segmenter -- -j4 -l4
[0.839s] Invoking command in '/home/ubuntu/ASDFR/ASDfR-3/build/colour_segmenter': CMAKE_PREFIX_PATH=/home/ubuntu/ASDFR/ASDfR-3/install/test_node:/home/ubuntu/ASDFR/ASDfR-3/install/relbot_simulator:/home/ubuntu/ASDFR/ASDfR-3/install/object_identifier:/home/ubuntu/ASDFR/ASDfR-3/install/colour_segmenter:/home/ubuntu/ASDFR/ASDfR-3/install/cam2image_vm2ros:/opt/ros/jazzy:/home/ubuntu/ASDFR/ASDfR-3/install/asdfr_msgs:/opt/ros/jazzy/opt/gz_sim_vendor:/opt/ros/jazzy/opt/gz_sensors_vendor:/opt/ros/jazzy/opt/gz_physics_vendor:/opt/ros/jazzy/opt/sdformat_vendor:/opt/ros/jazzy/opt/gz_gui_vendor:/opt/ros/jazzy/opt/gz_transport_vendor:/opt/ros/jazzy/opt/gz_rendering_vendor:/opt/ros/jazzy/opt/gz_plugin_vendor:/opt/ros/jazzy/opt/gz_fuel_tools_vendor:/opt/ros/jazzy/opt/gz_msgs_vendor:/opt/ros/jazzy/opt/gz_common_vendor:/opt/ros/jazzy/opt/gz_math_vendor:/opt/ros/jazzy/opt/gz_utils_vendor:/opt/ros/jazzy/opt/gz_tools_vendor:/opt/ros/jazzy/opt/gz_ogre_next_vendor:/opt/ros/jazzy/opt/gz_dartsim_vendor:/opt/ros/jazzy/opt/gz_cmake_vendor /usr/bin/cmake --install /home/ubuntu/ASDFR/ASDfR-3/build/colour_segmenter
[0.936s] -- Install configuration: ""
[0.941s] -- Up-to-date: /home/ubuntu/ASDFR/ASDfR-3/install/colour_segmenter/lib/colour_segmenter/colour_segment
[0.946s] -- Up-to-date: /home/ubuntu/ASDFR/ASDfR-3/install/colour_segmenter/lib/libcolour_segmenter.so
[0.951s] -- Up-to-date: /home/ubuntu/ASDFR/ASDfR-3/install/colour_segmenter/include/colour_segmenter
[0.952s] -- Up-to-date: /home/ubuntu/ASDFR/ASDfR-3/install/colour_segmenter/include/colour_segmenter/colour_segmenter.hpp
[0.954s] -- Up-to-date: /home/ubuntu/ASDFR/ASDfR-3/install/colour_segmenter/share/colour_segmenter/environment/library_path.sh
[0.955s] -- Up-to-date: /home/ubuntu/ASDFR/ASDfR-3/install/colour_segmenter/share/colour_segmenter/environment/library_path.dsv
[0.956s] -- Up-to-date: /home/ubuntu/ASDFR/ASDfR-3/install/colour_segmenter/share/ament_index/resource_index/package_run_dependencies/colour_segmenter
[0.959s] -- Up-to-date: /home/ubuntu/ASDFR/ASDfR-3/install/colour_segmenter/share/ament_index/resource_index/parent_prefix_path/colour_segmenter
[0.960s] -- Up-to-date: /home/ubuntu/ASDFR/ASDfR-3/install/colour_segmenter/share/colour_segmenter/environment/ament_prefix_path.sh
[0.961s] -- Up-to-date: /home/ubuntu/ASDFR/ASDfR-3/install/colour_segmenter/share/colour_segmenter/environment/ament_prefix_path.dsv
[0.963s] -- Up-to-date: /home/ubuntu/ASDFR/ASDfR-3/install/colour_segmenter/share/colour_segmenter/environment/path.sh
[0.964s] -- Up-to-date: /home/ubuntu/ASDFR/ASDfR-3/install/colour_segmenter/share/colour_segmenter/environment/path.dsv
[0.965s] -- Up-to-date: /home/ubuntu/ASDFR/ASDfR-3/install/colour_segmenter/share/colour_segmenter/local_setup.bash
[0.968s] -- Up-to-date: /home/ubuntu/ASDFR/ASDfR-3/install/colour_segmenter/share/colour_segmenter/local_setup.sh
[0.971s] -- Up-to-date: /home/ubuntu/ASDFR/ASDfR-3/install/colour_segmenter/share/colour_segmenter/local_setup.zsh
[0.973s] -- Up-to-date: /home/ubuntu/ASDFR/ASDfR-3/install/colour_segmenter/share/colour_segmenter/local_setup.dsv
[0.975s] -- Installing: /home/ubuntu/ASDFR/ASDfR-3/install/colour_segmenter/share/colour_segmenter/package.dsv
[0.994s] -- Up-to-date: /home/ubuntu/ASDFR/ASDfR-3/install/colour_segmenter/share/ament_index/resource_index/packages/colour_segmenter
[0.996s] -- Up-to-date: /home/ubuntu/ASDFR/ASDfR-3/install/colour_segmenter/share/ament_index/resource_index/rclcpp_components/colour_segmenter
[1.001s] -- Up-to-date: /home/ubuntu/ASDFR/ASDfR-3/install/colour_segmenter/share/colour_segmenter/cmake/colour_segmenterExport.cmake
[1.004s] -- Up-to-date: /home/ubuntu/ASDFR/ASDfR-3/install/colour_segmenter/share/colour_segmenter/cmake/colour_segmenterExport-noconfig.cmake
[1.005s] -- Up-to-date: /home/ubuntu/ASDFR/ASDfR-3/install/colour_segmenter/share/colour_segmenter/cmake/ament_cmake_export_libraries-extras.cmake
[1.006s] -- Up-to-date: /home/ubuntu/ASDFR/ASDfR-3/install/colour_segmenter/share/colour_segmenter/cmake/ament_cmake_export_targets-extras.cmake
[1.008s] -- Up-to-date: /home/ubuntu/ASDFR/ASDfR-3/install/colour_segmenter/share/colour_segmenter/cmake/ament_cmake_export_dependencies-extras.cmake
[1.008s] -- Up-to-date: /home/ubuntu/ASDFR/ASDfR-3/install/colour_segmenter/share/colour_segmenter/cmake/colour_segmenterConfig.cmake
[1.008s] -- Up-to-date: /home/ubuntu/ASDFR/ASDfR-3/install/colour_segmenter/share/colour_segmenter/cmake/colour_segmenterConfig-version.cmake
[1.009s] -- Up-to-date: /home/ubuntu/ASDFR/ASDfR-3/install/colour_segmenter/share/colour_segmenter/package.xml
[1.148s] Invoked command in '/home/ubuntu/ASDFR/ASDfR-3/build/colour_segmenter' returned '0': CMAKE_PREFIX_PATH=/home/ubuntu/ASDFR/ASDfR-3/install/test_node:/home/ubuntu/ASDFR/ASDfR-3/install/relbot_simulator:/home/ubuntu/ASDFR/ASDfR-3/install/object_identifier:/home/ubuntu/ASDFR/ASDfR-3/install/colour_segmenter:/home/ubuntu/ASDFR/ASDfR-3/install/cam2image_vm2ros:/opt/ros/jazzy:/home/ubuntu/ASDFR/ASDfR-3/install/asdfr_msgs:/opt/ros/jazzy/opt/gz_sim_vendor:/opt/ros/jazzy/opt/gz_sensors_vendor:/opt/ros/jazzy/opt/gz_physics_vendor:/opt/ros/jazzy/opt/sdformat_vendor:/opt/ros/jazzy/opt/gz_gui_vendor:/opt/ros/jazzy/opt/gz_transport_vendor:/opt/ros/jazzy/opt/gz_rendering_vendor:/opt/ros/jazzy/opt/gz_plugin_vendor:/opt/ros/jazzy/opt/gz_fuel_tools_vendor:/opt/ros/jazzy/opt/gz_msgs_vendor:/opt/ros/jazzy/opt/gz_common_vendor:/opt/ros/jazzy/opt/gz_math_vendor:/opt/ros/jazzy/opt/gz_utils_vendor:/opt/ros/jazzy/opt/gz_tools_vendor:/opt/ros/jazzy/opt/gz_ogre_next_vendor:/opt/ros/jazzy/opt/gz_dartsim_vendor:/opt/ros/jazzy/opt/gz_cmake_vendor /usr/bin/cmake --install /home/ubuntu/ASDFR/ASDfR-3/build/colour_segmenter
