[0.085s] Invoking command in '/home/ubuntu/ASDFR/ASDfR-3/build/asdfr_msgs': /usr/bin/cmake --build /home/ubuntu/ASDFR/ASDfR-3/build/asdfr_msgs -- -j4 -l4
[0.654s] [  2%] Built target asdfr_msgs__rosidl_generator_type_description
[0.789s] [  2%] Built target ament_cmake_python_copy_asdfr_msgs
[0.880s] [  5%] Built target asdfr_msgs__cpp
[0.921s] [ 20%] Built target asdfr_msgs__rosidl_generator_c
[1.171s] running egg_info
[1.183s] writing asdfr_msgs.egg-info/PKG-INFO
[1.185s] writing dependency_links to asdfr_msgs.egg-info/dependency_links.txt
[1.187s] writing top-level names to asdfr_msgs.egg-info/top_level.txt
[1.226s] [ 38%] Built target asdfr_msgs__rosidl_typesupport_cpp
[1.227s] [ 38%] Built target asdfr_msgs__rosidl_typesupport_fastrtps_c
[1.242s] reading manifest file 'asdfr_msgs.egg-info/SOURCES.txt'
[1.249s] writing manifest file 'asdfr_msgs.egg-info/SOURCES.txt'
[1.261s] [ 47%] Built target asdfr_msgs__rosidl_typesupport_introspection_c
[1.371s] [ 47%] Built target ament_cmake_python_build_asdfr_msgs_egg
[1.458s] [ 61%] Built target asdfr_msgs__rosidl_typesupport_c
[1.461s] [ 64%] Built target asdfr_msgs__rosidl_typesupport_fastrtps_cpp
[1.486s] [ 73%] Built target asdfr_msgs__rosidl_typesupport_introspection_cpp
[1.637s] [ 73%] Built target asdfr_msgs
[1.842s] [ 76%] Built target asdfr_msgs__py
[1.982s] [ 82%] Built target asdfr_msgs__rosidl_generator_py
[2.172s] [ 88%] Built target asdfr_msgs_s__rosidl_typesupport_c
[2.177s] [ 97%] Built target asdfr_msgs_s__rosidl_typesupport_introspection_c
[2.180s] [100%] Built target asdfr_msgs_s__rosidl_typesupport_fastrtps_c
[2.243s] Invoked command in '/home/ubuntu/ASDFR/ASDfR-3/build/asdfr_msgs' returned '0': /usr/bin/cmake --build /home/ubuntu/ASDFR/ASDfR-3/build/asdfr_msgs -- -j4 -l4
[2.252s] Invoking command in '/home/ubuntu/ASDFR/ASDfR-3/build/asdfr_msgs': /usr/bin/cmake --install /home/ubuntu/ASDFR/ASDfR-3/build/asdfr_msgs
[2.303s] -- Install configuration: ""
[2.305s] -- Up-to-date: /home/ubuntu/ASDFR/ASDfR-3/install/asdfr_msgs/share/ament_index/resource_index/rosidl_interfaces/asdfr_msgs
[2.306s] -- Up-to-date: /home/ubuntu/ASDFR/ASDfR-3/install/asdfr_msgs/share/asdfr_msgs/msg/IdentifiedObject.json
[2.307s] -- Up-to-date: /home/ubuntu/ASDFR/ASDfR-3/install/asdfr_msgs/include/asdfr_msgs/asdfr_msgs
[2.308s] -- Up-to-date: /home/ubuntu/ASDFR/ASDfR-3/install/asdfr_msgs/include/asdfr_msgs/asdfr_msgs/msg
[2.309s] -- Up-to-date: /home/ubuntu/ASDFR/ASDfR-3/install/asdfr_msgs/include/asdfr_msgs/asdfr_msgs/msg/detail
[2.311s] -- Up-to-date: /home/ubuntu/ASDFR/ASDfR-3/install/asdfr_msgs/include/asdfr_msgs/asdfr_msgs/msg/detail/identified_object__functions.c
[2.312s] -- Up-to-date: /home/ubuntu/ASDFR/ASDfR-3/install/asdfr_msgs/include/asdfr_msgs/asdfr_msgs/msg/detail/identified_object__type_support.c
[2.313s] -- Up-to-date: /home/ubuntu/ASDFR/ASDfR-3/install/asdfr_msgs/include/asdfr_msgs/asdfr_msgs/msg/detail/identified_object__functions.h
[2.313s] -- Up-to-date: /home/ubuntu/ASDFR/ASDfR-3/install/asdfr_msgs/include/asdfr_msgs/asdfr_msgs/msg/detail/identified_object__struct.h
[2.314s] -- Up-to-date: /home/ubuntu/ASDFR/ASDfR-3/install/asdfr_msgs/include/asdfr_msgs/asdfr_msgs/msg/detail/identified_object__description.c
[2.315s] -- Up-to-date: /home/ubuntu/ASDFR/ASDfR-3/install/asdfr_msgs/include/asdfr_msgs/asdfr_msgs/msg/detail/identified_object__type_support.h
[2.316s] -- Up-to-date: /home/ubuntu/ASDFR/ASDfR-3/install/asdfr_msgs/include/asdfr_msgs/asdfr_msgs/msg/rosidl_generator_c__visibility_control.h
[2.316s] -- Up-to-date: /home/ubuntu/ASDFR/ASDfR-3/install/asdfr_msgs/include/asdfr_msgs/asdfr_msgs/msg/identified_object.h
[2.317s] -- Up-to-date: /home/ubuntu/ASDFR/ASDfR-3/install/asdfr_msgs/share/asdfr_msgs/environment/library_path.sh
[2.317s] -- Up-to-date: /home/ubuntu/ASDFR/ASDfR-3/install/asdfr_msgs/share/asdfr_msgs/environment/library_path.dsv
[2.319s] -- Up-to-date: /home/ubuntu/ASDFR/ASDfR-3/install/asdfr_msgs/lib/libasdfr_msgs__rosidl_generator_c.so
[2.320s] -- Up-to-date: /home/ubuntu/ASDFR/ASDfR-3/install/asdfr_msgs/include/asdfr_msgs/asdfr_msgs
[2.321s] -- Up-to-date: /home/ubuntu/ASDFR/ASDfR-3/install/asdfr_msgs/include/asdfr_msgs/asdfr_msgs/msg
[2.322s] -- Up-to-date: /home/ubuntu/ASDFR/ASDfR-3/install/asdfr_msgs/include/asdfr_msgs/asdfr_msgs/msg/detail
[2.324s] -- Up-to-date: /home/ubuntu/ASDFR/ASDfR-3/install/asdfr_msgs/include/asdfr_msgs/asdfr_msgs/msg/detail/identified_object__rosidl_typesupport_fastrtps_c.h
[2.325s] -- Up-to-date: /home/ubuntu/ASDFR/ASDfR-3/install/asdfr_msgs/include/asdfr_msgs/asdfr_msgs/msg/rosidl_typesupport_fastrtps_c__visibility_control.h
[2.326s] -- Up-to-date: /home/ubuntu/ASDFR/ASDfR-3/install/asdfr_msgs/lib/libasdfr_msgs__rosidl_typesupport_fastrtps_c.so
[2.328s] -- Up-to-date: /home/ubuntu/ASDFR/ASDfR-3/install/asdfr_msgs/include/asdfr_msgs/asdfr_msgs
[2.329s] -- Up-to-date: /home/ubuntu/ASDFR/ASDfR-3/install/asdfr_msgs/include/asdfr_msgs/asdfr_msgs/msg
[2.330s] -- Up-to-date: /home/ubuntu/ASDFR/ASDfR-3/install/asdfr_msgs/include/asdfr_msgs/asdfr_msgs/msg/rosidl_typesupport_introspection_c__visibility_control.h
[2.331s] -- Up-to-date: /home/ubuntu/ASDFR/ASDfR-3/install/asdfr_msgs/include/asdfr_msgs/asdfr_msgs/msg/detail
[2.332s] -- Up-to-date: /home/ubuntu/ASDFR/ASDfR-3/install/asdfr_msgs/include/asdfr_msgs/asdfr_msgs/msg/detail/identified_object__type_support.c
[2.333s] -- Up-to-date: /home/ubuntu/ASDFR/ASDfR-3/install/asdfr_msgs/include/asdfr_msgs/asdfr_msgs/msg/detail/identified_object__rosidl_typesupport_introspection_c.h
[2.335s] -- Up-to-date: /home/ubuntu/ASDFR/ASDfR-3/install/asdfr_msgs/lib/libasdfr_msgs__rosidl_typesupport_introspection_c.so
[2.337s] -- Up-to-date: /home/ubuntu/ASDFR/ASDfR-3/install/asdfr_msgs/lib/libasdfr_msgs__rosidl_typesupport_c.so
[2.338s] -- Up-to-date: /home/ubuntu/ASDFR/ASDfR-3/install/asdfr_msgs/include/asdfr_msgs/asdfr_msgs
[2.339s] -- Up-to-date: /home/ubuntu/ASDFR/ASDfR-3/install/asdfr_msgs/include/asdfr_msgs/asdfr_msgs/msg
[2.340s] -- Up-to-date: /home/ubuntu/ASDFR/ASDfR-3/install/asdfr_msgs/include/asdfr_msgs/asdfr_msgs/msg/rosidl_generator_cpp__visibility_control.hpp
[2.341s] -- Up-to-date: /home/ubuntu/ASDFR/ASDfR-3/install/asdfr_msgs/include/asdfr_msgs/asdfr_msgs/msg/detail
[2.342s] -- Up-to-date: /home/ubuntu/ASDFR/ASDfR-3/install/asdfr_msgs/include/asdfr_msgs/asdfr_msgs/msg/detail/identified_object__builder.hpp
[2.343s] -- Up-to-date: /home/ubuntu/ASDFR/ASDfR-3/install/asdfr_msgs/include/asdfr_msgs/asdfr_msgs/msg/detail/identified_object__struct.hpp
[2.343s] -- Up-to-date: /home/ubuntu/ASDFR/ASDfR-3/install/asdfr_msgs/include/asdfr_msgs/asdfr_msgs/msg/detail/identified_object__type_support.hpp
[2.344s] -- Up-to-date: /home/ubuntu/ASDFR/ASDfR-3/install/asdfr_msgs/include/asdfr_msgs/asdfr_msgs/msg/detail/identified_object__traits.hpp
[2.344s] -- Up-to-date: /home/ubuntu/ASDFR/ASDfR-3/install/asdfr_msgs/include/asdfr_msgs/asdfr_msgs/msg/identified_object.hpp
[2.345s] -- Up-to-date: /home/ubuntu/ASDFR/ASDfR-3/install/asdfr_msgs/include/asdfr_msgs/asdfr_msgs
[2.346s] -- Up-to-date: /home/ubuntu/ASDFR/ASDfR-3/install/asdfr_msgs/include/asdfr_msgs/asdfr_msgs/msg
[2.348s] -- Up-to-date: /home/ubuntu/ASDFR/ASDfR-3/install/asdfr_msgs/include/asdfr_msgs/asdfr_msgs/msg/rosidl_typesupport_fastrtps_cpp__visibility_control.h
[2.349s] -- Up-to-date: /home/ubuntu/ASDFR/ASDfR-3/install/asdfr_msgs/include/asdfr_msgs/asdfr_msgs/msg/detail
[2.350s] -- Up-to-date: /home/ubuntu/ASDFR/ASDfR-3/install/asdfr_msgs/include/asdfr_msgs/asdfr_msgs/msg/detail/dds_fastrtps
[2.351s] -- Up-to-date: /home/ubuntu/ASDFR/ASDfR-3/install/asdfr_msgs/include/asdfr_msgs/asdfr_msgs/msg/detail/identified_object__rosidl_typesupport_fastrtps_cpp.hpp
[2.353s] -- Up-to-date: /home/ubuntu/ASDFR/ASDfR-3/install/asdfr_msgs/lib/libasdfr_msgs__rosidl_typesupport_fastrtps_cpp.so
[2.355s] -- Up-to-date: /home/ubuntu/ASDFR/ASDfR-3/install/asdfr_msgs/include/asdfr_msgs/asdfr_msgs
[2.357s] -- Up-to-date: /home/ubuntu/ASDFR/ASDfR-3/install/asdfr_msgs/include/asdfr_msgs/asdfr_msgs/msg
[2.361s] -- Up-to-date: /home/ubuntu/ASDFR/ASDfR-3/install/asdfr_msgs/include/asdfr_msgs/asdfr_msgs/msg/detail
[2.364s] -- Up-to-date: /home/ubuntu/ASDFR/ASDfR-3/install/asdfr_msgs/include/asdfr_msgs/asdfr_msgs/msg/detail/identified_object__type_support.cpp
[2.364s] -- Up-to-date: /home/ubuntu/ASDFR/ASDfR-3/install/asdfr_msgs/include/asdfr_msgs/asdfr_msgs/msg/detail/identified_object__rosidl_typesupport_introspection_cpp.hpp
[2.366s] -- Up-to-date: /home/ubuntu/ASDFR/ASDfR-3/install/asdfr_msgs/lib/libasdfr_msgs__rosidl_typesupport_introspection_cpp.so
[2.368s] -- Up-to-date: /home/ubuntu/ASDFR/ASDfR-3/install/asdfr_msgs/lib/libasdfr_msgs__rosidl_typesupport_cpp.so
[2.369s] -- Up-to-date: /home/ubuntu/ASDFR/ASDfR-3/install/asdfr_msgs/share/asdfr_msgs/environment/pythonpath.sh
[2.370s] -- Up-to-date: /home/ubuntu/ASDFR/ASDfR-3/install/asdfr_msgs/share/asdfr_msgs/environment/pythonpath.dsv
[2.374s] -- Up-to-date: /home/ubuntu/ASDFR/ASDfR-3/install/asdfr_msgs/lib/python3.12/site-packages/asdfr_msgs-0.0.0-py3.12.egg-info
[2.374s] -- Installing: /home/ubuntu/ASDFR/ASDfR-3/install/asdfr_msgs/lib/python3.12/site-packages/asdfr_msgs-0.0.0-py3.12.egg-info/PKG-INFO
[2.378s] -- Installing: /home/ubuntu/ASDFR/ASDfR-3/install/asdfr_msgs/lib/python3.12/site-packages/asdfr_msgs-0.0.0-py3.12.egg-info/dependency_links.txt
[2.384s] -- Installing: /home/ubuntu/ASDFR/ASDfR-3/install/asdfr_msgs/lib/python3.12/site-packages/asdfr_msgs-0.0.0-py3.12.egg-info/top_level.txt
[2.387s] -- Installing: /home/ubuntu/ASDFR/ASDfR-3/install/asdfr_msgs/lib/python3.12/site-packages/asdfr_msgs-0.0.0-py3.12.egg-info/SOURCES.txt
[2.398s] -- Up-to-date: /home/ubuntu/ASDFR/ASDfR-3/install/asdfr_msgs/lib/python3.12/site-packages/asdfr_msgs
[2.400s] -- Up-to-date: /home/ubuntu/ASDFR/ASDfR-3/install/asdfr_msgs/lib/python3.12/site-packages/asdfr_msgs/_asdfr_msgs_s.ep.rosidl_typesupport_fastrtps_c.c
[2.400s] -- Up-to-date: /home/ubuntu/ASDFR/ASDfR-3/install/asdfr_msgs/lib/python3.12/site-packages/asdfr_msgs/asdfr_msgs_s__rosidl_typesupport_introspection_c.so
[2.401s] -- Up-to-date: /home/ubuntu/ASDFR/ASDfR-3/install/asdfr_msgs/lib/python3.12/site-packages/asdfr_msgs/asdfr_msgs_s__rosidl_typesupport_c.so
[2.401s] -- Up-to-date: /home/ubuntu/ASDFR/ASDfR-3/install/asdfr_msgs/lib/python3.12/site-packages/asdfr_msgs/_asdfr_msgs_s.ep.rosidl_typesupport_introspection_c.c
[2.402s] -- Up-to-date: /home/ubuntu/ASDFR/ASDfR-3/install/asdfr_msgs/lib/python3.12/site-packages/asdfr_msgs/_asdfr_msgs_s.ep.rosidl_typesupport_c.c
[2.403s] -- Up-to-date: /home/ubuntu/ASDFR/ASDfR-3/install/asdfr_msgs/lib/python3.12/site-packages/asdfr_msgs/msg
[2.405s] -- Up-to-date: /home/ubuntu/ASDFR/ASDfR-3/install/asdfr_msgs/lib/python3.12/site-packages/asdfr_msgs/msg/_identified_object.py
[2.405s] -- Up-to-date: /home/ubuntu/ASDFR/ASDfR-3/install/asdfr_msgs/lib/python3.12/site-packages/asdfr_msgs/msg/_identified_object_s.c
[2.406s] -- Up-to-date: /home/ubuntu/ASDFR/ASDfR-3/install/asdfr_msgs/lib/python3.12/site-packages/asdfr_msgs/msg/__init__.py
[2.406s] -- Up-to-date: /home/ubuntu/ASDFR/ASDfR-3/install/asdfr_msgs/lib/python3.12/site-packages/asdfr_msgs/__init__.py
[2.407s] -- Up-to-date: /home/ubuntu/ASDFR/ASDfR-3/install/asdfr_msgs/lib/python3.12/site-packages/asdfr_msgs/asdfr_msgs_s__rosidl_typesupport_fastrtps_c.so
[2.463s] Listing '/home/ubuntu/ASDFR/ASDfR-3/install/asdfr_msgs/lib/python3.12/site-packages/asdfr_msgs'...
[2.463s] Listing '/home/ubuntu/ASDFR/ASDfR-3/install/asdfr_msgs/lib/python3.12/site-packages/asdfr_msgs/msg'...
[2.466s] -- Up-to-date: /home/ubuntu/ASDFR/ASDfR-3/install/asdfr_msgs/lib/python3.12/site-packages/asdfr_msgs/asdfr_msgs_s__rosidl_typesupport_fastrtps_c.so
[2.470s] -- Up-to-date: /home/ubuntu/ASDFR/ASDfR-3/install/asdfr_msgs/lib/python3.12/site-packages/asdfr_msgs/asdfr_msgs_s__rosidl_typesupport_introspection_c.so
[2.472s] -- Up-to-date: /home/ubuntu/ASDFR/ASDfR-3/install/asdfr_msgs/lib/python3.12/site-packages/asdfr_msgs/asdfr_msgs_s__rosidl_typesupport_c.so
[2.474s] -- Up-to-date: /home/ubuntu/ASDFR/ASDfR-3/install/asdfr_msgs/lib/libasdfr_msgs__rosidl_generator_py.so
[2.476s] -- Up-to-date: /home/ubuntu/ASDFR/ASDfR-3/install/asdfr_msgs/share/asdfr_msgs/msg/IdentifiedObject.idl
[2.476s] -- Up-to-date: /home/ubuntu/ASDFR/ASDfR-3/install/asdfr_msgs/share/asdfr_msgs/msg/IdentifiedObject.msg
[2.477s] -- Up-to-date: /home/ubuntu/ASDFR/ASDfR-3/install/asdfr_msgs/share/ament_index/resource_index/package_run_dependencies/asdfr_msgs
[2.478s] -- Up-to-date: /home/ubuntu/ASDFR/ASDfR-3/install/asdfr_msgs/share/ament_index/resource_index/parent_prefix_path/asdfr_msgs
[2.479s] -- Up-to-date: /home/ubuntu/ASDFR/ASDfR-3/install/asdfr_msgs/share/asdfr_msgs/environment/ament_prefix_path.sh
[2.479s] -- Up-to-date: /home/ubuntu/ASDFR/ASDfR-3/install/asdfr_msgs/share/asdfr_msgs/environment/ament_prefix_path.dsv
[2.480s] -- Up-to-date: /home/ubuntu/ASDFR/ASDfR-3/install/asdfr_msgs/share/asdfr_msgs/environment/path.sh
[2.481s] -- Up-to-date: /home/ubuntu/ASDFR/ASDfR-3/install/asdfr_msgs/share/asdfr_msgs/environment/path.dsv
[2.482s] -- Up-to-date: /home/ubuntu/ASDFR/ASDfR-3/install/asdfr_msgs/share/asdfr_msgs/local_setup.bash
[2.483s] -- Up-to-date: /home/ubuntu/ASDFR/ASDfR-3/install/asdfr_msgs/share/asdfr_msgs/local_setup.sh
[2.484s] -- Up-to-date: /home/ubuntu/ASDFR/ASDfR-3/install/asdfr_msgs/share/asdfr_msgs/local_setup.zsh
[2.484s] -- Up-to-date: /home/ubuntu/ASDFR/ASDfR-3/install/asdfr_msgs/share/asdfr_msgs/local_setup.dsv
[2.485s] -- Installing: /home/ubuntu/ASDFR/ASDfR-3/install/asdfr_msgs/share/asdfr_msgs/package.dsv
[2.490s] -- Up-to-date: /home/ubuntu/ASDFR/ASDfR-3/install/asdfr_msgs/share/ament_index/resource_index/packages/asdfr_msgs
[2.492s] -- Up-to-date: /home/ubuntu/ASDFR/ASDfR-3/install/asdfr_msgs/share/asdfr_msgs/cmake/export_asdfr_msgs__rosidl_generator_cExport.cmake
[2.493s] -- Up-to-date: /home/ubuntu/ASDFR/ASDfR-3/install/asdfr_msgs/share/asdfr_msgs/cmake/export_asdfr_msgs__rosidl_generator_cExport-noconfig.cmake
[2.495s] -- Up-to-date: /home/ubuntu/ASDFR/ASDfR-3/install/asdfr_msgs/share/asdfr_msgs/cmake/export_asdfr_msgs__rosidl_typesupport_fastrtps_cExport.cmake
[2.496s] -- Up-to-date: /home/ubuntu/ASDFR/ASDfR-3/install/asdfr_msgs/share/asdfr_msgs/cmake/export_asdfr_msgs__rosidl_typesupport_fastrtps_cExport-noconfig.cmake
[2.498s] -- Up-to-date: /home/ubuntu/ASDFR/ASDfR-3/install/asdfr_msgs/share/asdfr_msgs/cmake/asdfr_msgs__rosidl_typesupport_introspection_cExport.cmake
[2.498s] -- Up-to-date: /home/ubuntu/ASDFR/ASDfR-3/install/asdfr_msgs/share/asdfr_msgs/cmake/asdfr_msgs__rosidl_typesupport_introspection_cExport-noconfig.cmake
[2.501s] -- Up-to-date: /home/ubuntu/ASDFR/ASDfR-3/install/asdfr_msgs/share/asdfr_msgs/cmake/asdfr_msgs__rosidl_typesupport_cExport.cmake
[2.501s] -- Up-to-date: /home/ubuntu/ASDFR/ASDfR-3/install/asdfr_msgs/share/asdfr_msgs/cmake/asdfr_msgs__rosidl_typesupport_cExport-noconfig.cmake
[2.504s] -- Up-to-date: /home/ubuntu/ASDFR/ASDfR-3/install/asdfr_msgs/share/asdfr_msgs/cmake/export_asdfr_msgs__rosidl_generator_cppExport.cmake
[2.506s] -- Up-to-date: /home/ubuntu/ASDFR/ASDfR-3/install/asdfr_msgs/share/asdfr_msgs/cmake/export_asdfr_msgs__rosidl_typesupport_fastrtps_cppExport.cmake
[2.507s] -- Up-to-date: /home/ubuntu/ASDFR/ASDfR-3/install/asdfr_msgs/share/asdfr_msgs/cmake/export_asdfr_msgs__rosidl_typesupport_fastrtps_cppExport-noconfig.cmake
[2.508s] -- Up-to-date: /home/ubuntu/ASDFR/ASDfR-3/install/asdfr_msgs/share/asdfr_msgs/cmake/asdfr_msgs__rosidl_typesupport_introspection_cppExport.cmake
[2.509s] -- Up-to-date: /home/ubuntu/ASDFR/ASDfR-3/install/asdfr_msgs/share/asdfr_msgs/cmake/asdfr_msgs__rosidl_typesupport_introspection_cppExport-noconfig.cmake
[2.512s] -- Up-to-date: /home/ubuntu/ASDFR/ASDfR-3/install/asdfr_msgs/share/asdfr_msgs/cmake/asdfr_msgs__rosidl_typesupport_cppExport.cmake
[2.512s] -- Up-to-date: /home/ubuntu/ASDFR/ASDfR-3/install/asdfr_msgs/share/asdfr_msgs/cmake/asdfr_msgs__rosidl_typesupport_cppExport-noconfig.cmake
[2.515s] -- Up-to-date: /home/ubuntu/ASDFR/ASDfR-3/install/asdfr_msgs/share/asdfr_msgs/cmake/export_asdfr_msgs__rosidl_generator_pyExport.cmake
[2.515s] -- Up-to-date: /home/ubuntu/ASDFR/ASDfR-3/install/asdfr_msgs/share/asdfr_msgs/cmake/export_asdfr_msgs__rosidl_generator_pyExport-noconfig.cmake
[2.516s] -- Up-to-date: /home/ubuntu/ASDFR/ASDfR-3/install/asdfr_msgs/share/asdfr_msgs/cmake/rosidl_cmake-extras.cmake
[2.518s] -- Up-to-date: /home/ubuntu/ASDFR/ASDfR-3/install/asdfr_msgs/share/asdfr_msgs/cmake/ament_cmake_export_dependencies-extras.cmake
[2.520s] -- Up-to-date: /home/ubuntu/ASDFR/ASDfR-3/install/asdfr_msgs/share/asdfr_msgs/cmake/ament_cmake_export_include_directories-extras.cmake
[2.521s] -- Up-to-date: /home/ubuntu/ASDFR/ASDfR-3/install/asdfr_msgs/share/asdfr_msgs/cmake/ament_cmake_export_libraries-extras.cmake
[2.522s] -- Up-to-date: /home/ubuntu/ASDFR/ASDfR-3/install/asdfr_msgs/share/asdfr_msgs/cmake/ament_cmake_export_targets-extras.cmake
[2.523s] -- Up-to-date: /home/ubuntu/ASDFR/ASDfR-3/install/asdfr_msgs/share/asdfr_msgs/cmake/rosidl_cmake_export_typesupport_targets-extras.cmake
[2.524s] -- Up-to-date: /home/ubuntu/ASDFR/ASDfR-3/install/asdfr_msgs/share/asdfr_msgs/cmake/rosidl_cmake_export_typesupport_libraries-extras.cmake
[2.525s] -- Up-to-date: /home/ubuntu/ASDFR/ASDfR-3/install/asdfr_msgs/share/asdfr_msgs/cmake/asdfr_msgsConfig.cmake
[2.526s] -- Up-to-date: /home/ubuntu/ASDFR/ASDfR-3/install/asdfr_msgs/share/asdfr_msgs/cmake/asdfr_msgsConfig-version.cmake
[2.528s] -- Up-to-date: /home/ubuntu/ASDFR/ASDfR-3/install/asdfr_msgs/share/asdfr_msgs/package.xml
[2.532s] Invoked command in '/home/ubuntu/ASDFR/ASDfR-3/build/asdfr_msgs' returned '0': /usr/bin/cmake --install /home/ubuntu/ASDFR/ASDfR-3/build/asdfr_msgs
