[ 50%] Built target object_identifier_node
[ 75%] [32mBuilding CXX object CMakeFiles/object_identifier.dir/src/object_identifier.cpp.o[0m
[100%] [32m[1mLinking CXX shared library libobject_identifier.so[0m
[100%] Built target object_identifier
-- Install configuration: ""
-- Up-to-date: /home/ubuntu/ASDFR/ASDfR-3/install/object_identifier/lib/object_identifier/object_identifier_node
-- Installing: /home/ubuntu/ASDFR/ASDfR-3/install/object_identifier/lib/libobject_identifier.so
-- Set non-toolchain portion of runtime path of "/home/ubuntu/ASDFR/ASDfR-3/install/object_identifier/lib/libobject_identifier.so" to ""
-- Up-to-date: /home/ubuntu/ASDFR/ASDfR-3/install/object_identifier/include/object_identifier
-- Installing: /home/ubuntu/ASDFR/ASDfR-3/install/object_identifier/include/object_identifier/object_identifier.hpp
-- Up-to-date: /home/ubuntu/ASDFR/ASDfR-3/install/object_identifier/share/object_identifier/environment/library_path.sh
-- Up-to-date: /home/ubuntu/ASDFR/ASDfR-3/install/object_identifier/share/object_identifier/environment/library_path.dsv
-- Up-to-date: /home/ubuntu/ASDFR/ASDfR-3/install/object_identifier/share/ament_index/resource_index/package_run_dependencies/object_identifier
-- Up-to-date: /home/ubuntu/ASDFR/ASDfR-3/install/object_identifier/share/ament_index/resource_index/parent_prefix_path/object_identifier
-- Up-to-date: /home/ubuntu/ASDFR/ASDfR-3/install/object_identifier/share/object_identifier/environment/ament_prefix_path.sh
-- Up-to-date: /home/ubuntu/ASDFR/ASDfR-3/install/object_identifier/share/object_identifier/environment/ament_prefix_path.dsv
-- Up-to-date: /home/ubuntu/ASDFR/ASDfR-3/install/object_identifier/share/object_identifier/environment/path.sh
-- Up-to-date: /home/ubuntu/ASDFR/ASDfR-3/install/object_identifier/share/object_identifier/environment/path.dsv
-- Up-to-date: /home/ubuntu/ASDFR/ASDfR-3/install/object_identifier/share/object_identifier/local_setup.bash
-- Up-to-date: /home/ubuntu/ASDFR/ASDfR-3/install/object_identifier/share/object_identifier/local_setup.sh
-- Up-to-date: /home/ubuntu/ASDFR/ASDfR-3/install/object_identifier/share/object_identifier/local_setup.zsh
-- Up-to-date: /home/ubuntu/ASDFR/ASDfR-3/install/object_identifier/share/object_identifier/local_setup.dsv
-- Installing: /home/ubuntu/ASDFR/ASDfR-3/install/object_identifier/share/object_identifier/package.dsv
-- Up-to-date: /home/ubuntu/ASDFR/ASDfR-3/install/object_identifier/share/ament_index/resource_index/packages/object_identifier
-- Up-to-date: /home/ubuntu/ASDFR/ASDfR-3/install/object_identifier/share/ament_index/resource_index/rclcpp_components/object_identifier
-- Up-to-date: /home/ubuntu/ASDFR/ASDfR-3/install/object_identifier/share/object_identifier/cmake/object_identifierExport.cmake
-- Up-to-date: /home/ubuntu/ASDFR/ASDfR-3/install/object_identifier/share/object_identifier/cmake/object_identifierExport-noconfig.cmake
-- Up-to-date: /home/ubuntu/ASDFR/ASDfR-3/install/object_identifier/share/object_identifier/cmake/ament_cmake_export_libraries-extras.cmake
-- Up-to-date: /home/ubuntu/ASDFR/ASDfR-3/install/object_identifier/share/object_identifier/cmake/ament_cmake_export_targets-extras.cmake
-- Up-to-date: /home/ubuntu/ASDFR/ASDfR-3/install/object_identifier/share/object_identifier/cmake/ament_cmake_export_dependencies-extras.cmake
-- Up-to-date: /home/ubuntu/ASDFR/ASDfR-3/install/object_identifier/share/object_identifier/cmake/object_identifierConfig.cmake
-- Up-to-date: /home/ubuntu/ASDFR/ASDfR-3/install/object_identifier/share/object_identifier/cmake/object_identifierConfig-version.cmake
-- Up-to-date: /home/ubuntu/ASDFR/ASDfR-3/install/object_identifier/share/object_identifier/package.xml
