[0.130s] Invoking command in '/home/ubuntu/ASDFR/ASDfR-3/build/object_identifier': CMAKE_PREFIX_PATH=${CMAKE_PREFIX_PATH}:/opt/ros/jazzy /usr/bin/cmake --build /home/ubuntu/ASDFR/ASDfR-3/build/object_identifier -- -j4 -l4
[0.455s] [ 50%] Built target object_identifier_node
[0.549s] [ 75%] [32mBuilding CXX object CMakeFiles/object_identifier.dir/src/object_identifier.cpp.o[0m
[11.569s] [100%] [32m[1mLinking CXX shared library libobject_identifier.so[0m
[13.455s] [100%] Built target object_identifier
[13.472s] Invoked command in '/home/ubuntu/ASDFR/ASDfR-3/build/object_identifier' returned '0': CMAKE_PREFIX_PATH=${CMAKE_PREFIX_PATH}:/opt/ros/jazzy /usr/bin/cmake --build /home/ubuntu/ASDFR/ASDfR-3/build/object_identifier -- -j4 -l4
[13.476s] Invoking command in '/home/ubuntu/ASDFR/ASDfR-3/build/object_identifier': CMAKE_PREFIX_PATH=${CMAKE_PREFIX_PATH}:/opt/ros/jazzy /usr/bin/cmake --install /home/ubuntu/ASDFR/ASDfR-3/build/object_identifier
[13.486s] -- Install configuration: ""
[13.491s] -- Up-to-date: /home/ubuntu/ASDFR/ASDfR-3/install/object_identifier/lib/object_identifier/object_identifier_node
[13.500s] -- Installing: /home/ubuntu/ASDFR/ASDfR-3/install/object_identifier/lib/libobject_identifier.so
[13.562s] -- Set non-toolchain portion of runtime path of "/home/ubuntu/ASDFR/ASDfR-3/install/object_identifier/lib/libobject_identifier.so" to ""
[13.562s] -- Up-to-date: /home/ubuntu/ASDFR/ASDfR-3/install/object_identifier/include/object_identifier
[13.563s] -- Installing: /home/ubuntu/ASDFR/ASDfR-3/install/object_identifier/include/object_identifier/object_identifier.hpp
[13.568s] -- Up-to-date: /home/ubuntu/ASDFR/ASDfR-3/install/object_identifier/share/object_identifier/environment/library_path.sh
[13.568s] -- Up-to-date: /home/ubuntu/ASDFR/ASDfR-3/install/object_identifier/share/object_identifier/environment/library_path.dsv
[13.571s] -- Up-to-date: /home/ubuntu/ASDFR/ASDfR-3/install/object_identifier/share/ament_index/resource_index/package_run_dependencies/object_identifier
[13.572s] -- Up-to-date: /home/ubuntu/ASDFR/ASDfR-3/install/object_identifier/share/ament_index/resource_index/parent_prefix_path/object_identifier
[13.572s] -- Up-to-date: /home/ubuntu/ASDFR/ASDfR-3/install/object_identifier/share/object_identifier/environment/ament_prefix_path.sh
[13.573s] -- Up-to-date: /home/ubuntu/ASDFR/ASDfR-3/install/object_identifier/share/object_identifier/environment/ament_prefix_path.dsv
[13.575s] -- Up-to-date: /home/ubuntu/ASDFR/ASDfR-3/install/object_identifier/share/object_identifier/environment/path.sh
[13.575s] -- Up-to-date: /home/ubuntu/ASDFR/ASDfR-3/install/object_identifier/share/object_identifier/environment/path.dsv
[13.576s] -- Up-to-date: /home/ubuntu/ASDFR/ASDfR-3/install/object_identifier/share/object_identifier/local_setup.bash
[13.576s] -- Up-to-date: /home/ubuntu/ASDFR/ASDfR-3/install/object_identifier/share/object_identifier/local_setup.sh
[13.577s] -- Up-to-date: /home/ubuntu/ASDFR/ASDfR-3/install/object_identifier/share/object_identifier/local_setup.zsh
[13.578s] -- Up-to-date: /home/ubuntu/ASDFR/ASDfR-3/install/object_identifier/share/object_identifier/local_setup.dsv
[13.578s] -- Installing: /home/ubuntu/ASDFR/ASDfR-3/install/object_identifier/share/object_identifier/package.dsv
[13.584s] -- Up-to-date: /home/ubuntu/ASDFR/ASDfR-3/install/object_identifier/share/ament_index/resource_index/packages/object_identifier
[13.585s] -- Up-to-date: /home/ubuntu/ASDFR/ASDfR-3/install/object_identifier/share/ament_index/resource_index/rclcpp_components/object_identifier
[13.587s] -- Up-to-date: /home/ubuntu/ASDFR/ASDfR-3/install/object_identifier/share/object_identifier/cmake/object_identifierExport.cmake
[13.588s] -- Up-to-date: /home/ubuntu/ASDFR/ASDfR-3/install/object_identifier/share/object_identifier/cmake/object_identifierExport-noconfig.cmake
[13.590s] -- Up-to-date: /home/ubuntu/ASDFR/ASDfR-3/install/object_identifier/share/object_identifier/cmake/ament_cmake_export_libraries-extras.cmake
[13.591s] -- Up-to-date: /home/ubuntu/ASDFR/ASDfR-3/install/object_identifier/share/object_identifier/cmake/ament_cmake_export_targets-extras.cmake
[13.594s] -- Up-to-date: /home/ubuntu/ASDFR/ASDfR-3/install/object_identifier/share/object_identifier/cmake/ament_cmake_export_dependencies-extras.cmake
[13.594s] -- Up-to-date: /home/ubuntu/ASDFR/ASDfR-3/install/object_identifier/share/object_identifier/cmake/object_identifierConfig.cmake
[13.597s] -- Up-to-date: /home/ubuntu/ASDFR/ASDfR-3/install/object_identifier/share/object_identifier/cmake/object_identifierConfig-version.cmake
[13.603s] -- Up-to-date: /home/ubuntu/ASDFR/ASDfR-3/install/object_identifier/share/object_identifier/package.xml
[13.611s] Invoked command in '/home/ubuntu/ASDFR/ASDfR-3/build/object_identifier' returned '0': CMAKE_PREFIX_PATH=${CMAKE_PREFIX_PATH}:/opt/ros/jazzy /usr/bin/cmake --install /home/ubuntu/ASDFR/ASDfR-3/build/object_identifier
