[0.123s] DEBUG:colcon:Command line arguments: ['/usr/bin/colcon', 'build']
[0.123s] DEBUG:colcon:Parsed command line arguments: Namespace(log_base=None, log_level=None, verb_name='build', build_base='build', install_base='install', merge_install=False, symlink_install=False, test_result_base=None, continue_on_error=False, executor='parallel', parallel_workers=4, event_handlers=None, ignore_user_meta=False, metas=['./colcon.meta'], base_paths=['.'], packages_ignore=None, packages_ignore_regex=None, paths=None, packages_up_to=None, packages_up_to_regex=None, packages_above=None, packages_above_and_dependencies=None, packages_above_depth=None, packages_select_by_dep=None, packages_skip_by_dep=None, packages_skip_up_to=None, packages_select_build_failed=False, packages_skip_build_finished=False, packages_select_test_failures=False, packages_skip_test_passed=False, packages_select=None, packages_skip=None, packages_select_regex=None, packages_skip_regex=None, packages_start=None, packages_end=None, allow_overriding=[], cmake_args=None, cmake_target=None, cmake_target_skip_unavailable=False, cmake_clean_cache=False, cmake_clean_first=False, cmake_force_configure=False, ament_cmake_args=None, catkin_cmake_args=None, catkin_skip_building_tests=False, mixin_files=None, mixin=None, verb_parser=<colcon_mixin.mixin.mixin_argument.MixinArgumentDecorator object at 0x750091b82060>, verb_extension=<colcon_core.verb.build.BuildVerb object at 0x750091c9a6c0>, main=<bound method BuildVerb.main of <colcon_core.verb.build.BuildVerb object at 0x750091c9a6c0>>, mixin_verb=('build',))
[0.170s] Level 1:colcon.colcon_core.package_discovery:discover_packages(colcon_meta) check parameters
[0.171s] Level 1:colcon.colcon_core.package_discovery:discover_packages(recursive) check parameters
[0.171s] Level 1:colcon.colcon_core.package_discovery:discover_packages(ignore) check parameters
[0.171s] Level 1:colcon.colcon_core.package_discovery:discover_packages(path) check parameters
[0.171s] Level 1:colcon.colcon_core.package_discovery:discover_packages(colcon_meta) discover
[0.171s] Level 1:colcon.colcon_core.package_discovery:discover_packages(recursive) discover
[0.172s] INFO:colcon.colcon_core.package_discovery:Crawling recursively for packages in '/home/ubuntu/ASDFR/ASDfR-3'
[0.175s] Level 1:colcon.colcon_core.package_identification:_identify(.) by extensions ['ignore', 'ignore_ament_install']
[0.175s] Level 1:colcon.colcon_core.package_identification:_identify(.) by extension 'ignore'
[0.175s] Level 1:colcon.colcon_core.package_identification:_identify(.) by extension 'ignore_ament_install'
[0.176s] Level 1:colcon.colcon_core.package_identification:_identify(.) by extensions ['colcon_pkg']
[0.176s] Level 1:colcon.colcon_core.package_identification:_identify(.) by extension 'colcon_pkg'
[0.177s] Level 1:colcon.colcon_core.package_identification:_identify(.) by extensions ['colcon_meta']
[0.177s] Level 1:colcon.colcon_core.package_identification:_identify(.) by extension 'colcon_meta'
[0.177s] Level 1:colcon.colcon_core.package_identification:_identify(.) by extensions ['ros']
[0.177s] Level 1:colcon.colcon_core.package_identification:_identify(.) by extension 'ros'
[0.207s] Level 1:colcon.colcon_core.package_identification:_identify(.) by extensions ['cmake', 'python']
[0.207s] Level 1:colcon.colcon_core.package_identification:_identify(.) by extension 'cmake'
[0.207s] Level 1:colcon.colcon_core.package_identification:_identify(.) by extension 'python'
[0.208s] Level 1:colcon.colcon_core.package_identification:_identify(.) by extensions ['python_setup_py']
[0.208s] Level 1:colcon.colcon_core.package_identification:_identify(.) by extension 'python_setup_py'
[0.211s] Level 1:colcon.colcon_core.package_identification:_identify(build) by extensions ['ignore', 'ignore_ament_install']
[0.212s] Level 1:colcon.colcon_core.package_identification:_identify(build) by extension 'ignore'
[0.212s] Level 1:colcon.colcon_core.package_identification:_identify(build) ignored
[0.219s] Level 1:colcon.colcon_core.package_identification:_identify(install) by extensions ['ignore', 'ignore_ament_install']
[0.219s] Level 1:colcon.colcon_core.package_identification:_identify(install) by extension 'ignore'
[0.219s] Level 1:colcon.colcon_core.package_identification:_identify(install) ignored
[0.222s] Level 1:colcon.colcon_core.package_identification:_identify(log) by extensions ['ignore', 'ignore_ament_install']
[0.222s] Level 1:colcon.colcon_core.package_identification:_identify(log) by extension 'ignore'
[0.222s] Level 1:colcon.colcon_core.package_identification:_identify(log) ignored
[0.225s] Level 1:colcon.colcon_core.package_identification:_identify(src) by extensions ['ignore', 'ignore_ament_install']
[0.225s] Level 1:colcon.colcon_core.package_identification:_identify(src) by extension 'ignore'
[0.225s] Level 1:colcon.colcon_core.package_identification:_identify(src) by extension 'ignore_ament_install'
[0.226s] Level 1:colcon.colcon_core.package_identification:_identify(src) by extensions ['colcon_pkg']
[0.226s] Level 1:colcon.colcon_core.package_identification:_identify(src) by extension 'colcon_pkg'
[0.226s] Level 1:colcon.colcon_core.package_identification:_identify(src) by extensions ['colcon_meta']
[0.226s] Level 1:colcon.colcon_core.package_identification:_identify(src) by extension 'colcon_meta'
[0.226s] Level 1:colcon.colcon_core.package_identification:_identify(src) by extensions ['ros']
[0.226s] Level 1:colcon.colcon_core.package_identification:_identify(src) by extension 'ros'
[0.227s] Level 1:colcon.colcon_core.package_identification:_identify(src) by extensions ['cmake', 'python']
[0.228s] Level 1:colcon.colcon_core.package_identification:_identify(src) by extension 'cmake'
[0.228s] Level 1:colcon.colcon_core.package_identification:_identify(src) by extension 'python'
[0.228s] Level 1:colcon.colcon_core.package_identification:_identify(src) by extensions ['python_setup_py']
[0.228s] Level 1:colcon.colcon_core.package_identification:_identify(src) by extension 'python_setup_py'
[0.231s] Level 1:colcon.colcon_core.package_identification:_identify(src/cam2image_vm2ros) by extensions ['ignore', 'ignore_ament_install']
[0.231s] Level 1:colcon.colcon_core.package_identification:_identify(src/cam2image_vm2ros) by extension 'ignore'
[0.231s] Level 1:colcon.colcon_core.package_identification:_identify(src/cam2image_vm2ros) by extension 'ignore_ament_install'
[0.231s] Level 1:colcon.colcon_core.package_identification:_identify(src/cam2image_vm2ros) by extensions ['colcon_pkg']
[0.232s] Level 1:colcon.colcon_core.package_identification:_identify(src/cam2image_vm2ros) by extension 'colcon_pkg'
[0.232s] Level 1:colcon.colcon_core.package_identification:_identify(src/cam2image_vm2ros) by extensions ['colcon_meta']
[0.232s] Level 1:colcon.colcon_core.package_identification:_identify(src/cam2image_vm2ros) by extension 'colcon_meta'
[0.232s] Level 1:colcon.colcon_core.package_identification:_identify(src/cam2image_vm2ros) by extensions ['ros']
[0.232s] Level 1:colcon.colcon_core.package_identification:_identify(src/cam2image_vm2ros) by extension 'ros'
[0.236s] DEBUG:colcon.colcon_core.package_identification:Package 'src/cam2image_vm2ros' with type 'ros.ament_cmake' and name 'cam2image_vm2ros'
[0.239s] Level 1:colcon.colcon_core.package_identification:_identify(src/colour_segmenter) by extensions ['ignore', 'ignore_ament_install']
[0.239s] Level 1:colcon.colcon_core.package_identification:_identify(src/colour_segmenter) by extension 'ignore'
[0.239s] Level 1:colcon.colcon_core.package_identification:_identify(src/colour_segmenter) by extension 'ignore_ament_install'
[0.240s] Level 1:colcon.colcon_core.package_identification:_identify(src/colour_segmenter) by extensions ['colcon_pkg']
[0.240s] Level 1:colcon.colcon_core.package_identification:_identify(src/colour_segmenter) by extension 'colcon_pkg'
[0.241s] Level 1:colcon.colcon_core.package_identification:_identify(src/colour_segmenter) by extensions ['colcon_meta']
[0.241s] Level 1:colcon.colcon_core.package_identification:_identify(src/colour_segmenter) by extension 'colcon_meta'
[0.241s] Level 1:colcon.colcon_core.package_identification:_identify(src/colour_segmenter) by extensions ['ros']
[0.241s] Level 1:colcon.colcon_core.package_identification:_identify(src/colour_segmenter) by extension 'ros'
[0.242s] DEBUG:colcon.colcon_core.package_identification:Package 'src/colour_segmenter' with type 'ros.ament_cmake' and name 'colour_segmenter'
[0.245s] Level 1:colcon.colcon_core.package_identification:_identify(src/object_identifier) by extensions ['ignore', 'ignore_ament_install']
[0.245s] Level 1:colcon.colcon_core.package_identification:_identify(src/object_identifier) by extension 'ignore'
[0.245s] Level 1:colcon.colcon_core.package_identification:_identify(src/object_identifier) by extension 'ignore_ament_install'
[0.245s] Level 1:colcon.colcon_core.package_identification:_identify(src/object_identifier) by extensions ['colcon_pkg']
[0.246s] Level 1:colcon.colcon_core.package_identification:_identify(src/object_identifier) by extension 'colcon_pkg'
[0.246s] Level 1:colcon.colcon_core.package_identification:_identify(src/object_identifier) by extensions ['colcon_meta']
[0.246s] Level 1:colcon.colcon_core.package_identification:_identify(src/object_identifier) by extension 'colcon_meta'
[0.246s] Level 1:colcon.colcon_core.package_identification:_identify(src/object_identifier) by extensions ['ros']
[0.246s] Level 1:colcon.colcon_core.package_identification:_identify(src/object_identifier) by extension 'ros'
[0.248s] DEBUG:colcon.colcon_core.package_identification:Package 'src/object_identifier' with type 'ros.ament_cmake' and name 'object_identifier'
[0.248s] Level 1:colcon.colcon_core.package_discovery:discover_packages(recursive) using defaults
[0.248s] Level 1:colcon.colcon_core.package_discovery:discover_packages(ignore) discover
[0.248s] Level 1:colcon.colcon_core.package_discovery:discover_packages(ignore) using defaults
[0.248s] Level 1:colcon.colcon_core.package_discovery:discover_packages(path) discover
[0.248s] Level 1:colcon.colcon_core.package_discovery:discover_packages(path) using defaults
[0.268s] Level 1:colcon.colcon_core.package_discovery:discover_packages(prefix_path) check parameters
[0.269s] Level 1:colcon.colcon_core.package_discovery:discover_packages(prefix_path) discover
[0.272s] DEBUG:colcon.colcon_installed_package_information.package_discovery:Found 334 installed packages in /opt/ros/jazzy
[0.274s] Level 1:colcon.colcon_core.package_discovery:discover_packages(prefix_path) using defaults
[0.315s] Level 5:colcon.colcon_core.verb:set package 'cam2image_vm2ros' build argument 'cmake_args' from command line to 'None'
[0.315s] Level 5:colcon.colcon_core.verb:set package 'cam2image_vm2ros' build argument 'cmake_target' from command line to 'None'
[0.315s] Level 5:colcon.colcon_core.verb:set package 'cam2image_vm2ros' build argument 'cmake_target_skip_unavailable' from command line to 'False'
[0.315s] Level 5:colcon.colcon_core.verb:set package 'cam2image_vm2ros' build argument 'cmake_clean_cache' from command line to 'False'
[0.316s] Level 5:colcon.colcon_core.verb:set package 'cam2image_vm2ros' build argument 'cmake_clean_first' from command line to 'False'
[0.316s] Level 5:colcon.colcon_core.verb:set package 'cam2image_vm2ros' build argument 'cmake_force_configure' from command line to 'False'
[0.316s] Level 5:colcon.colcon_core.verb:set package 'cam2image_vm2ros' build argument 'ament_cmake_args' from command line to 'None'
[0.316s] Level 5:colcon.colcon_core.verb:set package 'cam2image_vm2ros' build argument 'catkin_cmake_args' from command line to 'None'
[0.316s] Level 5:colcon.colcon_core.verb:set package 'cam2image_vm2ros' build argument 'catkin_skip_building_tests' from command line to 'False'
[0.317s] DEBUG:colcon.colcon_core.verb:Building package 'cam2image_vm2ros' with the following arguments: {'ament_cmake_args': None, 'build_base': '/home/ubuntu/ASDFR/ASDfR-3/build/cam2image_vm2ros', 'catkin_cmake_args': None, 'catkin_skip_building_tests': False, 'cmake_args': None, 'cmake_clean_cache': False, 'cmake_clean_first': False, 'cmake_force_configure': False, 'cmake_target': None, 'cmake_target_skip_unavailable': False, 'install_base': '/home/ubuntu/ASDFR/ASDfR-3/install/cam2image_vm2ros', 'merge_install': False, 'path': '/home/ubuntu/ASDFR/ASDfR-3/src/cam2image_vm2ros', 'symlink_install': False, 'test_result_base': None}
[0.317s] Level 5:colcon.colcon_core.verb:set package 'colour_segmenter' build argument 'cmake_args' from command line to 'None'
[0.317s] Level 5:colcon.colcon_core.verb:set package 'colour_segmenter' build argument 'cmake_target' from command line to 'None'
[0.318s] Level 5:colcon.colcon_core.verb:set package 'colour_segmenter' build argument 'cmake_target_skip_unavailable' from command line to 'False'
[0.318s] Level 5:colcon.colcon_core.verb:set package 'colour_segmenter' build argument 'cmake_clean_cache' from command line to 'False'
[0.318s] Level 5:colcon.colcon_core.verb:set package 'colour_segmenter' build argument 'cmake_clean_first' from command line to 'False'
[0.318s] Level 5:colcon.colcon_core.verb:set package 'colour_segmenter' build argument 'cmake_force_configure' from command line to 'False'
[0.318s] Level 5:colcon.colcon_core.verb:set package 'colour_segmenter' build argument 'ament_cmake_args' from command line to 'None'
[0.318s] Level 5:colcon.colcon_core.verb:set package 'colour_segmenter' build argument 'catkin_cmake_args' from command line to 'None'
[0.318s] Level 5:colcon.colcon_core.verb:set package 'colour_segmenter' build argument 'catkin_skip_building_tests' from command line to 'False'
[0.319s] DEBUG:colcon.colcon_core.verb:Building package 'colour_segmenter' with the following arguments: {'ament_cmake_args': None, 'build_base': '/home/ubuntu/ASDFR/ASDfR-3/build/colour_segmenter', 'catkin_cmake_args': None, 'catkin_skip_building_tests': False, 'cmake_args': None, 'cmake_clean_cache': False, 'cmake_clean_first': False, 'cmake_force_configure': False, 'cmake_target': None, 'cmake_target_skip_unavailable': False, 'install_base': '/home/ubuntu/ASDFR/ASDfR-3/install/colour_segmenter', 'merge_install': False, 'path': '/home/ubuntu/ASDFR/ASDfR-3/src/colour_segmenter', 'symlink_install': False, 'test_result_base': None}
[0.319s] Level 5:colcon.colcon_core.verb:set package 'object_identifier' build argument 'cmake_args' from command line to 'None'
[0.319s] Level 5:colcon.colcon_core.verb:set package 'object_identifier' build argument 'cmake_target' from command line to 'None'
[0.319s] Level 5:colcon.colcon_core.verb:set package 'object_identifier' build argument 'cmake_target_skip_unavailable' from command line to 'False'
[0.319s] Level 5:colcon.colcon_core.verb:set package 'object_identifier' build argument 'cmake_clean_cache' from command line to 'False'
[0.319s] Level 5:colcon.colcon_core.verb:set package 'object_identifier' build argument 'cmake_clean_first' from command line to 'False'
[0.320s] Level 5:colcon.colcon_core.verb:set package 'object_identifier' build argument 'cmake_force_configure' from command line to 'False'
[0.320s] Level 5:colcon.colcon_core.verb:set package 'object_identifier' build argument 'ament_cmake_args' from command line to 'None'
[0.320s] Level 5:colcon.colcon_core.verb:set package 'object_identifier' build argument 'catkin_cmake_args' from command line to 'None'
[0.320s] Level 5:colcon.colcon_core.verb:set package 'object_identifier' build argument 'catkin_skip_building_tests' from command line to 'False'
[0.320s] DEBUG:colcon.colcon_core.verb:Building package 'object_identifier' with the following arguments: {'ament_cmake_args': None, 'build_base': '/home/ubuntu/ASDFR/ASDfR-3/build/object_identifier', 'catkin_cmake_args': None, 'catkin_skip_building_tests': False, 'cmake_args': None, 'cmake_clean_cache': False, 'cmake_clean_first': False, 'cmake_force_configure': False, 'cmake_target': None, 'cmake_target_skip_unavailable': False, 'install_base': '/home/ubuntu/ASDFR/ASDfR-3/install/object_identifier', 'merge_install': False, 'path': '/home/ubuntu/ASDFR/ASDfR-3/src/object_identifier', 'symlink_install': False, 'test_result_base': None}
[0.320s] INFO:colcon.colcon_core.executor:Executing jobs using 'parallel' executor
[0.321s] DEBUG:colcon.colcon_parallel_executor.executor.parallel:run_until_complete
[0.322s] INFO:colcon.colcon_ros.task.ament_cmake.build:Building ROS package in '/home/ubuntu/ASDFR/ASDfR-3/src/cam2image_vm2ros' with build type 'ament_cmake'
[0.322s] INFO:colcon.colcon_cmake.task.cmake.build:Building CMake package in '/home/ubuntu/ASDFR/ASDfR-3/src/cam2image_vm2ros'
[0.324s] INFO:colcon.colcon_core.plugin_system:Skipping extension 'colcon_core.shell.bat': Not used on non-Windows systems
[0.324s] INFO:colcon.colcon_core.shell:Skip shell extension 'powershell' for command environment: Not usable outside of PowerShell
[0.324s] DEBUG:colcon.colcon_core.shell:Skip shell extension 'dsv' for command environment
[0.331s] INFO:colcon.colcon_ros.task.ament_cmake.build:Building ROS package in '/home/ubuntu/ASDFR/ASDfR-3/src/colour_segmenter' with build type 'ament_cmake'
[0.331s] INFO:colcon.colcon_cmake.task.cmake.build:Building CMake package in '/home/ubuntu/ASDFR/ASDfR-3/src/colour_segmenter'
[0.331s] INFO:colcon.colcon_core.shell:Skip shell extension 'powershell' for command environment: Not usable outside of PowerShell
[0.331s] DEBUG:colcon.colcon_core.shell:Skip shell extension 'dsv' for command environment
[0.337s] INFO:colcon.colcon_ros.task.ament_cmake.build:Building ROS package in '/home/ubuntu/ASDFR/ASDfR-3/src/object_identifier' with build type 'ament_cmake'
[0.337s] INFO:colcon.colcon_cmake.task.cmake.build:Building CMake package in '/home/ubuntu/ASDFR/ASDfR-3/src/object_identifier'
[0.337s] INFO:colcon.colcon_core.shell:Skip shell extension 'powershell' for command environment: Not usable outside of PowerShell
[0.337s] DEBUG:colcon.colcon_core.shell:Skip shell extension 'dsv' for command environment
[0.387s] DEBUG:colcon.colcon_core.event_handler.log_command:Invoking command in '/home/ubuntu/ASDFR/ASDfR-3/build/cam2image_vm2ros': CMAKE_PREFIX_PATH=${CMAKE_PREFIX_PATH}:/opt/ros/jazzy /usr/bin/cmake --build /home/ubuntu/ASDFR/ASDfR-3/build/cam2image_vm2ros -- -j4 -l4
[0.441s] DEBUG:colcon.colcon_core.event_handler.log_command:Invoking command in '/home/ubuntu/ASDFR/ASDfR-3/build/colour_segmenter': CMAKE_PREFIX_PATH=${CMAKE_PREFIX_PATH}:/opt/ros/jazzy /usr/bin/cmake --build /home/ubuntu/ASDFR/ASDfR-3/build/colour_segmenter -- -j4 -l4
[0.467s] DEBUG:colcon.colcon_core.event_handler.log_command:Invoking command in '/home/ubuntu/ASDFR/ASDfR-3/build/object_identifier': CMAKE_PREFIX_PATH=${CMAKE_PREFIX_PATH}:/opt/ros/jazzy /usr/bin/cmake --build /home/ubuntu/ASDFR/ASDfR-3/build/object_identifier -- -j4 -l4
[0.795s] DEBUG:colcon.colcon_core.event_handler.log_command:Invoked command in '/home/ubuntu/ASDFR/ASDfR-3/build/cam2image_vm2ros' returned '0': CMAKE_PREFIX_PATH=${CMAKE_PREFIX_PATH}:/opt/ros/jazzy /usr/bin/cmake --build /home/ubuntu/ASDFR/ASDfR-3/build/cam2image_vm2ros -- -j4 -l4
[0.827s] DEBUG:colcon.colcon_core.event_handler.log_command:Invoking command in '/home/ubuntu/ASDFR/ASDfR-3/build/cam2image_vm2ros': CMAKE_PREFIX_PATH=${CMAKE_PREFIX_PATH}:/opt/ros/jazzy /usr/bin/cmake --install /home/ubuntu/ASDFR/ASDfR-3/build/cam2image_vm2ros
[0.831s] DEBUG:colcon.colcon_core.event_handler.log_command:Invoked command in '/home/ubuntu/ASDFR/ASDfR-3/build/colour_segmenter' returned '0': CMAKE_PREFIX_PATH=${CMAKE_PREFIX_PATH}:/opt/ros/jazzy /usr/bin/cmake --build /home/ubuntu/ASDFR/ASDfR-3/build/colour_segmenter -- -j4 -l4
[0.847s] DEBUG:colcon.colcon_core.event_handler.log_command:Invoking command in '/home/ubuntu/ASDFR/ASDfR-3/build/colour_segmenter': CMAKE_PREFIX_PATH=${CMAKE_PREFIX_PATH}:/opt/ros/jazzy /usr/bin/cmake --install /home/ubuntu/ASDFR/ASDfR-3/build/colour_segmenter
[0.942s] Level 1:colcon.colcon_core.environment:create_environment_scripts_only(cam2image_vm2ros)
[0.945s] DEBUG:colcon.colcon_core.event_handler.log_command:Invoked command in '/home/ubuntu/ASDFR/ASDfR-3/build/cam2image_vm2ros' returned '0': CMAKE_PREFIX_PATH=${CMAKE_PREFIX_PATH}:/opt/ros/jazzy /usr/bin/cmake --install /home/ubuntu/ASDFR/ASDfR-3/build/cam2image_vm2ros
[0.949s] Level 1:colcon.colcon_core.environment:checking '/home/ubuntu/ASDFR/ASDfR-3/install/cam2image_vm2ros' for CMake module files
[0.970s] Level 1:colcon.colcon_core.environment:checking '/home/ubuntu/ASDFR/ASDfR-3/install/cam2image_vm2ros' for CMake config files
[0.991s] Level 1:colcon.colcon_core.shell:create_environment_hook('cam2image_vm2ros', 'cmake_prefix_path')
[0.992s] INFO:colcon.colcon_core.shell:Creating environment hook '/home/ubuntu/ASDFR/ASDfR-3/install/cam2image_vm2ros/share/cam2image_vm2ros/hook/cmake_prefix_path.ps1'
[0.996s] INFO:colcon.colcon_core.shell:Creating environment descriptor '/home/ubuntu/ASDFR/ASDfR-3/install/cam2image_vm2ros/share/cam2image_vm2ros/hook/cmake_prefix_path.dsv'
[0.999s] INFO:colcon.colcon_core.shell:Creating environment hook '/home/ubuntu/ASDFR/ASDfR-3/install/cam2image_vm2ros/share/cam2image_vm2ros/hook/cmake_prefix_path.sh'
[1.003s] Level 1:colcon.colcon_core.environment:checking '/home/ubuntu/ASDFR/ASDfR-3/install/cam2image_vm2ros/lib'
[1.005s] Level 1:colcon.colcon_core.shell:create_environment_hook('cam2image_vm2ros', 'ld_library_path_lib')
[1.005s] INFO:colcon.colcon_core.shell:Creating environment hook '/home/ubuntu/ASDFR/ASDfR-3/install/cam2image_vm2ros/share/cam2image_vm2ros/hook/ld_library_path_lib.ps1'
[1.008s] INFO:colcon.colcon_core.shell:Creating environment descriptor '/home/ubuntu/ASDFR/ASDfR-3/install/cam2image_vm2ros/share/cam2image_vm2ros/hook/ld_library_path_lib.dsv'
[1.010s] INFO:colcon.colcon_core.shell:Creating environment hook '/home/ubuntu/ASDFR/ASDfR-3/install/cam2image_vm2ros/share/cam2image_vm2ros/hook/ld_library_path_lib.sh'
[1.012s] Level 1:colcon.colcon_core.environment:checking '/home/ubuntu/ASDFR/ASDfR-3/install/cam2image_vm2ros/bin'
[1.012s] Level 1:colcon.colcon_core.environment:checking '/home/ubuntu/ASDFR/ASDfR-3/install/cam2image_vm2ros/lib/pkgconfig/cam2image_vm2ros.pc'
[1.013s] Level 1:colcon.colcon_core.environment:checking '/home/ubuntu/ASDFR/ASDfR-3/install/cam2image_vm2ros/lib/python3.12/site-packages'
[1.013s] Level 1:colcon.colcon_core.environment:checking '/home/ubuntu/ASDFR/ASDfR-3/install/cam2image_vm2ros/bin'
[1.014s] INFO:colcon.colcon_core.shell:Creating package script '/home/ubuntu/ASDFR/ASDfR-3/install/cam2image_vm2ros/share/cam2image_vm2ros/package.ps1'
[1.017s] INFO:colcon.colcon_core.shell:Creating package descriptor '/home/ubuntu/ASDFR/ASDfR-3/install/cam2image_vm2ros/share/cam2image_vm2ros/package.dsv'
[1.019s] INFO:colcon.colcon_core.shell:Creating package script '/home/ubuntu/ASDFR/ASDfR-3/install/cam2image_vm2ros/share/cam2image_vm2ros/package.sh'
[1.021s] INFO:colcon.colcon_core.shell:Creating package script '/home/ubuntu/ASDFR/ASDfR-3/install/cam2image_vm2ros/share/cam2image_vm2ros/package.bash'
[1.023s] INFO:colcon.colcon_core.shell:Creating package script '/home/ubuntu/ASDFR/ASDfR-3/install/cam2image_vm2ros/share/cam2image_vm2ros/package.zsh'
[1.025s] Level 1:colcon.colcon_core.environment:create_file_with_runtime_dependencies(/home/ubuntu/ASDFR/ASDfR-3/install/cam2image_vm2ros/share/colcon-core/packages/cam2image_vm2ros)
[1.032s] Level 1:colcon.colcon_core.environment:create_environment_scripts_only(cam2image_vm2ros)
[1.032s] Level 1:colcon.colcon_core.environment:checking '/home/ubuntu/ASDFR/ASDfR-3/install/cam2image_vm2ros' for CMake module files
[1.042s] Level 1:colcon.colcon_core.environment:checking '/home/ubuntu/ASDFR/ASDfR-3/install/cam2image_vm2ros' for CMake config files
[1.051s] Level 1:colcon.colcon_core.shell:create_environment_hook('cam2image_vm2ros', 'cmake_prefix_path')
[1.052s] INFO:colcon.colcon_core.shell:Creating environment hook '/home/ubuntu/ASDFR/ASDfR-3/install/cam2image_vm2ros/share/cam2image_vm2ros/hook/cmake_prefix_path.ps1'
[1.054s] INFO:colcon.colcon_core.shell:Creating environment descriptor '/home/ubuntu/ASDFR/ASDfR-3/install/cam2image_vm2ros/share/cam2image_vm2ros/hook/cmake_prefix_path.dsv'
[1.057s] INFO:colcon.colcon_core.shell:Creating environment hook '/home/ubuntu/ASDFR/ASDfR-3/install/cam2image_vm2ros/share/cam2image_vm2ros/hook/cmake_prefix_path.sh'
[1.061s] Level 1:colcon.colcon_core.environment:checking '/home/ubuntu/ASDFR/ASDfR-3/install/cam2image_vm2ros/lib'
[1.062s] Level 1:colcon.colcon_core.shell:create_environment_hook('cam2image_vm2ros', 'ld_library_path_lib')
[1.063s] INFO:colcon.colcon_core.shell:Creating environment hook '/home/ubuntu/ASDFR/ASDfR-3/install/cam2image_vm2ros/share/cam2image_vm2ros/hook/ld_library_path_lib.ps1'
[1.068s] INFO:colcon.colcon_core.shell:Creating environment descriptor '/home/ubuntu/ASDFR/ASDfR-3/install/cam2image_vm2ros/share/cam2image_vm2ros/hook/ld_library_path_lib.dsv'
[1.073s] INFO:colcon.colcon_core.shell:Creating environment hook '/home/ubuntu/ASDFR/ASDfR-3/install/cam2image_vm2ros/share/cam2image_vm2ros/hook/ld_library_path_lib.sh'
[1.079s] Level 1:colcon.colcon_core.environment:checking '/home/ubuntu/ASDFR/ASDfR-3/install/cam2image_vm2ros/bin'
[1.080s] Level 1:colcon.colcon_core.environment:checking '/home/ubuntu/ASDFR/ASDfR-3/install/cam2image_vm2ros/lib/pkgconfig/cam2image_vm2ros.pc'
[1.081s] Level 1:colcon.colcon_core.environment:checking '/home/ubuntu/ASDFR/ASDfR-3/install/cam2image_vm2ros/lib/python3.12/site-packages'
[1.082s] Level 1:colcon.colcon_core.environment:checking '/home/ubuntu/ASDFR/ASDfR-3/install/cam2image_vm2ros/bin'
[1.083s] INFO:colcon.colcon_core.shell:Creating package script '/home/ubuntu/ASDFR/ASDfR-3/install/cam2image_vm2ros/share/cam2image_vm2ros/package.ps1'
[1.086s] INFO:colcon.colcon_core.shell:Creating package descriptor '/home/ubuntu/ASDFR/ASDfR-3/install/cam2image_vm2ros/share/cam2image_vm2ros/package.dsv'
[1.089s] INFO:colcon.colcon_core.shell:Creating package script '/home/ubuntu/ASDFR/ASDfR-3/install/cam2image_vm2ros/share/cam2image_vm2ros/package.sh'
[1.091s] INFO:colcon.colcon_core.shell:Creating package script '/home/ubuntu/ASDFR/ASDfR-3/install/cam2image_vm2ros/share/cam2image_vm2ros/package.bash'
[1.093s] INFO:colcon.colcon_core.shell:Creating package script '/home/ubuntu/ASDFR/ASDfR-3/install/cam2image_vm2ros/share/cam2image_vm2ros/package.zsh'
[1.094s] Level 1:colcon.colcon_core.environment:create_file_with_runtime_dependencies(/home/ubuntu/ASDFR/ASDfR-3/install/cam2image_vm2ros/share/colcon-core/packages/cam2image_vm2ros)
[1.097s] Level 1:colcon.colcon_core.environment:create_environment_scripts_only(colour_segmenter)
[1.098s] Level 1:colcon.colcon_core.environment:checking '/home/ubuntu/ASDFR/ASDfR-3/install/colour_segmenter' for CMake module files
[1.100s] DEBUG:colcon.colcon_core.event_handler.log_command:Invoked command in '/home/ubuntu/ASDFR/ASDfR-3/build/colour_segmenter' returned '0': CMAKE_PREFIX_PATH=${CMAKE_PREFIX_PATH}:/opt/ros/jazzy /usr/bin/cmake --install /home/ubuntu/ASDFR/ASDfR-3/build/colour_segmenter
[1.110s] Level 1:colcon.colcon_core.environment:checking '/home/ubuntu/ASDFR/ASDfR-3/install/colour_segmenter' for CMake config files
[1.116s] Level 1:colcon.colcon_core.shell:create_environment_hook('colour_segmenter', 'cmake_prefix_path')
[1.117s] INFO:colcon.colcon_core.shell:Creating environment hook '/home/ubuntu/ASDFR/ASDfR-3/install/colour_segmenter/share/colour_segmenter/hook/cmake_prefix_path.ps1'
[1.123s] INFO:colcon.colcon_core.shell:Creating environment descriptor '/home/ubuntu/ASDFR/ASDfR-3/install/colour_segmenter/share/colour_segmenter/hook/cmake_prefix_path.dsv'
[1.127s] INFO:colcon.colcon_core.shell:Creating environment hook '/home/ubuntu/ASDFR/ASDfR-3/install/colour_segmenter/share/colour_segmenter/hook/cmake_prefix_path.sh'
[1.134s] Level 1:colcon.colcon_core.environment:checking '/home/ubuntu/ASDFR/ASDfR-3/install/colour_segmenter/lib'
[1.136s] Level 1:colcon.colcon_core.shell:create_environment_hook('colour_segmenter', 'ld_library_path_lib')
[1.136s] INFO:colcon.colcon_core.shell:Creating environment hook '/home/ubuntu/ASDFR/ASDfR-3/install/colour_segmenter/share/colour_segmenter/hook/ld_library_path_lib.ps1'
[1.139s] INFO:colcon.colcon_core.shell:Creating environment descriptor '/home/ubuntu/ASDFR/ASDfR-3/install/colour_segmenter/share/colour_segmenter/hook/ld_library_path_lib.dsv'
[1.142s] INFO:colcon.colcon_core.shell:Creating environment hook '/home/ubuntu/ASDFR/ASDfR-3/install/colour_segmenter/share/colour_segmenter/hook/ld_library_path_lib.sh'
[1.144s] Level 1:colcon.colcon_core.environment:checking '/home/ubuntu/ASDFR/ASDfR-3/install/colour_segmenter/bin'
[1.145s] Level 1:colcon.colcon_core.environment:checking '/home/ubuntu/ASDFR/ASDfR-3/install/colour_segmenter/lib/pkgconfig/colour_segmenter.pc'
[1.146s] Level 1:colcon.colcon_core.environment:checking '/home/ubuntu/ASDFR/ASDfR-3/install/colour_segmenter/lib/python3.12/site-packages'
[1.147s] Level 1:colcon.colcon_core.environment:checking '/home/ubuntu/ASDFR/ASDfR-3/install/colour_segmenter/bin'
[1.147s] INFO:colcon.colcon_core.shell:Creating package script '/home/ubuntu/ASDFR/ASDfR-3/install/colour_segmenter/share/colour_segmenter/package.ps1'
[1.149s] INFO:colcon.colcon_core.shell:Creating package descriptor '/home/ubuntu/ASDFR/ASDfR-3/install/colour_segmenter/share/colour_segmenter/package.dsv'
[1.151s] INFO:colcon.colcon_core.shell:Creating package script '/home/ubuntu/ASDFR/ASDfR-3/install/colour_segmenter/share/colour_segmenter/package.sh'
[1.153s] INFO:colcon.colcon_core.shell:Creating package script '/home/ubuntu/ASDFR/ASDfR-3/install/colour_segmenter/share/colour_segmenter/package.bash'
[1.155s] INFO:colcon.colcon_core.shell:Creating package script '/home/ubuntu/ASDFR/ASDfR-3/install/colour_segmenter/share/colour_segmenter/package.zsh'
[1.157s] Level 1:colcon.colcon_core.environment:create_file_with_runtime_dependencies(/home/ubuntu/ASDFR/ASDfR-3/install/colour_segmenter/share/colcon-core/packages/colour_segmenter)
[1.164s] Level 1:colcon.colcon_core.environment:create_environment_scripts_only(colour_segmenter)
[1.164s] Level 1:colcon.colcon_core.environment:checking '/home/ubuntu/ASDFR/ASDfR-3/install/colour_segmenter' for CMake module files
[1.181s] Level 1:colcon.colcon_core.environment:checking '/home/ubuntu/ASDFR/ASDfR-3/install/colour_segmenter' for CMake config files
[1.192s] Level 1:colcon.colcon_core.shell:create_environment_hook('colour_segmenter', 'cmake_prefix_path')
[1.193s] INFO:colcon.colcon_core.shell:Creating environment hook '/home/ubuntu/ASDFR/ASDfR-3/install/colour_segmenter/share/colour_segmenter/hook/cmake_prefix_path.ps1'
[1.195s] INFO:colcon.colcon_core.shell:Creating environment descriptor '/home/ubuntu/ASDFR/ASDfR-3/install/colour_segmenter/share/colour_segmenter/hook/cmake_prefix_path.dsv'
[1.197s] INFO:colcon.colcon_core.shell:Creating environment hook '/home/ubuntu/ASDFR/ASDfR-3/install/colour_segmenter/share/colour_segmenter/hook/cmake_prefix_path.sh'
[1.201s] Level 1:colcon.colcon_core.environment:checking '/home/ubuntu/ASDFR/ASDfR-3/install/colour_segmenter/lib'
[1.202s] Level 1:colcon.colcon_core.shell:create_environment_hook('colour_segmenter', 'ld_library_path_lib')
[1.203s] INFO:colcon.colcon_core.shell:Creating environment hook '/home/ubuntu/ASDFR/ASDfR-3/install/colour_segmenter/share/colour_segmenter/hook/ld_library_path_lib.ps1'
[1.205s] INFO:colcon.colcon_core.shell:Creating environment descriptor '/home/ubuntu/ASDFR/ASDfR-3/install/colour_segmenter/share/colour_segmenter/hook/ld_library_path_lib.dsv'
[1.207s] INFO:colcon.colcon_core.shell:Creating environment hook '/home/ubuntu/ASDFR/ASDfR-3/install/colour_segmenter/share/colour_segmenter/hook/ld_library_path_lib.sh'
[1.209s] Level 1:colcon.colcon_core.environment:checking '/home/ubuntu/ASDFR/ASDfR-3/install/colour_segmenter/bin'
[1.209s] Level 1:colcon.colcon_core.environment:checking '/home/ubuntu/ASDFR/ASDfR-3/install/colour_segmenter/lib/pkgconfig/colour_segmenter.pc'
[1.210s] Level 1:colcon.colcon_core.environment:checking '/home/ubuntu/ASDFR/ASDfR-3/install/colour_segmenter/lib/python3.12/site-packages'
[1.211s] Level 1:colcon.colcon_core.environment:checking '/home/ubuntu/ASDFR/ASDfR-3/install/colour_segmenter/bin'
[1.211s] INFO:colcon.colcon_core.shell:Creating package script '/home/ubuntu/ASDFR/ASDfR-3/install/colour_segmenter/share/colour_segmenter/package.ps1'
[1.213s] INFO:colcon.colcon_core.shell:Creating package descriptor '/home/ubuntu/ASDFR/ASDfR-3/install/colour_segmenter/share/colour_segmenter/package.dsv'
[1.215s] INFO:colcon.colcon_core.shell:Creating package script '/home/ubuntu/ASDFR/ASDfR-3/install/colour_segmenter/share/colour_segmenter/package.sh'
[1.218s] INFO:colcon.colcon_core.shell:Creating package script '/home/ubuntu/ASDFR/ASDfR-3/install/colour_segmenter/share/colour_segmenter/package.bash'
[1.220s] INFO:colcon.colcon_core.shell:Creating package script '/home/ubuntu/ASDFR/ASDfR-3/install/colour_segmenter/share/colour_segmenter/package.zsh'
[1.222s] Level 1:colcon.colcon_core.environment:create_file_with_runtime_dependencies(/home/ubuntu/ASDFR/ASDfR-3/install/colour_segmenter/share/colcon-core/packages/colour_segmenter)
[13.809s] DEBUG:colcon.colcon_core.event_handler.log_command:Invoked command in '/home/ubuntu/ASDFR/ASDfR-3/build/object_identifier' returned '0': CMAKE_PREFIX_PATH=${CMAKE_PREFIX_PATH}:/opt/ros/jazzy /usr/bin/cmake --build /home/ubuntu/ASDFR/ASDfR-3/build/object_identifier -- -j4 -l4
[13.813s] DEBUG:colcon.colcon_core.event_handler.log_command:Invoking command in '/home/ubuntu/ASDFR/ASDfR-3/build/object_identifier': CMAKE_PREFIX_PATH=${CMAKE_PREFIX_PATH}:/opt/ros/jazzy /usr/bin/cmake --install /home/ubuntu/ASDFR/ASDfR-3/build/object_identifier
[13.947s] Level 1:colcon.colcon_core.environment:create_environment_scripts_only(object_identifier)
[13.947s] Level 1:colcon.colcon_core.environment:checking '/home/ubuntu/ASDFR/ASDfR-3/install/object_identifier' for CMake module files
[13.948s] DEBUG:colcon.colcon_core.event_handler.log_command:Invoked command in '/home/ubuntu/ASDFR/ASDfR-3/build/object_identifier' returned '0': CMAKE_PREFIX_PATH=${CMAKE_PREFIX_PATH}:/opt/ros/jazzy /usr/bin/cmake --install /home/ubuntu/ASDFR/ASDfR-3/build/object_identifier
[13.959s] Level 1:colcon.colcon_core.environment:checking '/home/ubuntu/ASDFR/ASDfR-3/install/object_identifier' for CMake config files
[13.963s] Level 1:colcon.colcon_core.shell:create_environment_hook('object_identifier', 'cmake_prefix_path')
[13.964s] INFO:colcon.colcon_core.shell:Creating environment hook '/home/ubuntu/ASDFR/ASDfR-3/install/object_identifier/share/object_identifier/hook/cmake_prefix_path.ps1'
[13.965s] INFO:colcon.colcon_core.shell:Creating environment descriptor '/home/ubuntu/ASDFR/ASDfR-3/install/object_identifier/share/object_identifier/hook/cmake_prefix_path.dsv'
[13.966s] INFO:colcon.colcon_core.shell:Creating environment hook '/home/ubuntu/ASDFR/ASDfR-3/install/object_identifier/share/object_identifier/hook/cmake_prefix_path.sh'
[13.968s] Level 1:colcon.colcon_core.environment:checking '/home/ubuntu/ASDFR/ASDfR-3/install/object_identifier/lib'
[13.969s] Level 1:colcon.colcon_core.shell:create_environment_hook('object_identifier', 'ld_library_path_lib')
[13.969s] INFO:colcon.colcon_core.shell:Creating environment hook '/home/ubuntu/ASDFR/ASDfR-3/install/object_identifier/share/object_identifier/hook/ld_library_path_lib.ps1'
[13.971s] INFO:colcon.colcon_core.shell:Creating environment descriptor '/home/ubuntu/ASDFR/ASDfR-3/install/object_identifier/share/object_identifier/hook/ld_library_path_lib.dsv'
[13.972s] INFO:colcon.colcon_core.shell:Creating environment hook '/home/ubuntu/ASDFR/ASDfR-3/install/object_identifier/share/object_identifier/hook/ld_library_path_lib.sh'
[13.973s] Level 1:colcon.colcon_core.environment:checking '/home/ubuntu/ASDFR/ASDfR-3/install/object_identifier/bin'
[13.973s] Level 1:colcon.colcon_core.environment:checking '/home/ubuntu/ASDFR/ASDfR-3/install/object_identifier/lib/pkgconfig/object_identifier.pc'
[13.974s] Level 1:colcon.colcon_core.environment:checking '/home/ubuntu/ASDFR/ASDfR-3/install/object_identifier/lib/python3.12/site-packages'
[13.974s] Level 1:colcon.colcon_core.environment:checking '/home/ubuntu/ASDFR/ASDfR-3/install/object_identifier/bin'
[13.975s] INFO:colcon.colcon_core.shell:Creating package script '/home/ubuntu/ASDFR/ASDfR-3/install/object_identifier/share/object_identifier/package.ps1'
[13.976s] INFO:colcon.colcon_core.shell:Creating package descriptor '/home/ubuntu/ASDFR/ASDfR-3/install/object_identifier/share/object_identifier/package.dsv'
[13.979s] INFO:colcon.colcon_core.shell:Creating package script '/home/ubuntu/ASDFR/ASDfR-3/install/object_identifier/share/object_identifier/package.sh'
[13.982s] INFO:colcon.colcon_core.shell:Creating package script '/home/ubuntu/ASDFR/ASDfR-3/install/object_identifier/share/object_identifier/package.bash'
[13.985s] INFO:colcon.colcon_core.shell:Creating package script '/home/ubuntu/ASDFR/ASDfR-3/install/object_identifier/share/object_identifier/package.zsh'
[13.989s] Level 1:colcon.colcon_core.environment:create_file_with_runtime_dependencies(/home/ubuntu/ASDFR/ASDfR-3/install/object_identifier/share/colcon-core/packages/object_identifier)
[13.993s] Level 1:colcon.colcon_core.environment:create_environment_scripts_only(object_identifier)
[13.993s] Level 1:colcon.colcon_core.environment:checking '/home/ubuntu/ASDFR/ASDfR-3/install/object_identifier' for CMake module files
[14.000s] Level 1:colcon.colcon_core.environment:checking '/home/ubuntu/ASDFR/ASDfR-3/install/object_identifier' for CMake config files
[14.004s] Level 1:colcon.colcon_core.shell:create_environment_hook('object_identifier', 'cmake_prefix_path')
[14.004s] INFO:colcon.colcon_core.shell:Creating environment hook '/home/ubuntu/ASDFR/ASDfR-3/install/object_identifier/share/object_identifier/hook/cmake_prefix_path.ps1'
[14.006s] INFO:colcon.colcon_core.shell:Creating environment descriptor '/home/ubuntu/ASDFR/ASDfR-3/install/object_identifier/share/object_identifier/hook/cmake_prefix_path.dsv'
[14.007s] INFO:colcon.colcon_core.shell:Creating environment hook '/home/ubuntu/ASDFR/ASDfR-3/install/object_identifier/share/object_identifier/hook/cmake_prefix_path.sh'
[14.009s] Level 1:colcon.colcon_core.environment:checking '/home/ubuntu/ASDFR/ASDfR-3/install/object_identifier/lib'
[14.009s] Level 1:colcon.colcon_core.shell:create_environment_hook('object_identifier', 'ld_library_path_lib')
[14.010s] INFO:colcon.colcon_core.shell:Creating environment hook '/home/ubuntu/ASDFR/ASDfR-3/install/object_identifier/share/object_identifier/hook/ld_library_path_lib.ps1'
[14.011s] INFO:colcon.colcon_core.shell:Creating environment descriptor '/home/ubuntu/ASDFR/ASDfR-3/install/object_identifier/share/object_identifier/hook/ld_library_path_lib.dsv'
[14.012s] INFO:colcon.colcon_core.shell:Creating environment hook '/home/ubuntu/ASDFR/ASDfR-3/install/object_identifier/share/object_identifier/hook/ld_library_path_lib.sh'
[14.013s] Level 1:colcon.colcon_core.environment:checking '/home/ubuntu/ASDFR/ASDfR-3/install/object_identifier/bin'
[14.013s] Level 1:colcon.colcon_core.environment:checking '/home/ubuntu/ASDFR/ASDfR-3/install/object_identifier/lib/pkgconfig/object_identifier.pc'
[14.013s] Level 1:colcon.colcon_core.environment:checking '/home/ubuntu/ASDFR/ASDfR-3/install/object_identifier/lib/python3.12/site-packages'
[14.014s] Level 1:colcon.colcon_core.environment:checking '/home/ubuntu/ASDFR/ASDfR-3/install/object_identifier/bin'
[14.014s] INFO:colcon.colcon_core.shell:Creating package script '/home/ubuntu/ASDFR/ASDfR-3/install/object_identifier/share/object_identifier/package.ps1'
[14.015s] INFO:colcon.colcon_core.shell:Creating package descriptor '/home/ubuntu/ASDFR/ASDfR-3/install/object_identifier/share/object_identifier/package.dsv'
[14.016s] INFO:colcon.colcon_core.shell:Creating package script '/home/ubuntu/ASDFR/ASDfR-3/install/object_identifier/share/object_identifier/package.sh'
[14.017s] INFO:colcon.colcon_core.shell:Creating package script '/home/ubuntu/ASDFR/ASDfR-3/install/object_identifier/share/object_identifier/package.bash'
[14.018s] INFO:colcon.colcon_core.shell:Creating package script '/home/ubuntu/ASDFR/ASDfR-3/install/object_identifier/share/object_identifier/package.zsh'
[14.019s] Level 1:colcon.colcon_core.environment:create_file_with_runtime_dependencies(/home/ubuntu/ASDFR/ASDfR-3/install/object_identifier/share/colcon-core/packages/object_identifier)
[14.020s] DEBUG:colcon.colcon_parallel_executor.executor.parallel:closing loop
[14.020s] DEBUG:colcon.colcon_parallel_executor.executor.parallel:loop closed
[14.020s] DEBUG:colcon.colcon_parallel_executor.executor.parallel:run_until_complete finished with '0'
[14.020s] DEBUG:colcon.colcon_core.event_reactor:joining thread
[14.026s] INFO:colcon.colcon_core.plugin_system:Skipping extension 'colcon_notification.desktop_notification.notify_send': Could not find 'notify-send'
[14.027s] INFO:colcon.colcon_core.plugin_system:Skipping extension 'colcon_notification.desktop_notification.terminal_notifier': Not used on non-Darwin systems
[14.027s] INFO:colcon.colcon_core.plugin_system:Skipping extension 'colcon_notification.desktop_notification.win32': Not used on non-Windows systems
[14.027s] INFO:colcon.colcon_notification.desktop_notification:Sending desktop notification using 'notify2'
[14.028s] DEBUG:colcon.colcon_notification.desktop_notification.notify2:Failed to initialize notify2: org.freedesktop.DBus.Error.ServiceUnknown: The name org.freedesktop.Notifications was not provided by any .service files
[14.028s] DEBUG:colcon.colcon_core.event_reactor:joined thread
[14.028s] INFO:colcon.colcon_core.shell:Creating prefix script '/home/ubuntu/ASDFR/ASDfR-3/install/local_setup.ps1'
[14.029s] INFO:colcon.colcon_core.shell:Creating prefix util module '/home/ubuntu/ASDFR/ASDfR-3/install/_local_setup_util_ps1.py'
[14.031s] INFO:colcon.colcon_core.shell:Creating prefix chain script '/home/ubuntu/ASDFR/ASDfR-3/install/setup.ps1'
[14.034s] INFO:colcon.colcon_core.shell:Creating prefix script '/home/ubuntu/ASDFR/ASDfR-3/install/local_setup.sh'
[14.035s] INFO:colcon.colcon_core.shell:Creating prefix util module '/home/ubuntu/ASDFR/ASDfR-3/install/_local_setup_util_sh.py'
[14.037s] INFO:colcon.colcon_core.shell:Creating prefix chain script '/home/ubuntu/ASDFR/ASDfR-3/install/setup.sh'
[14.038s] INFO:colcon.colcon_core.shell:Creating prefix script '/home/ubuntu/ASDFR/ASDfR-3/install/local_setup.bash'
[14.039s] INFO:colcon.colcon_core.shell:Creating prefix chain script '/home/ubuntu/ASDFR/ASDfR-3/install/setup.bash'
[14.042s] INFO:colcon.colcon_core.shell:Creating prefix script '/home/ubuntu/ASDFR/ASDfR-3/install/local_setup.zsh'
[14.044s] INFO:colcon.colcon_core.shell:Creating prefix chain script '/home/ubuntu/ASDFR/ASDfR-3/install/setup.zsh'
