[0.064s] Invoking command in '/home/ubuntu/ASDFR/ASDfR-3/build/cam2image_vm2ros': CMAKE_PREFIX_PATH=${CMAKE_PREFIX_PATH}:/opt/ros/jazzy /usr/bin/cmake --build /home/ubuntu/ASDFR/ASDfR-3/build/cam2image_vm2ros -- -j4 -l4
[0.292s] [ 40%] Built target cam2image
[0.397s] [100%] Built target cam2image_vm2ros
[0.472s] Invoked command in '/home/ubuntu/ASDFR/ASDfR-3/build/cam2image_vm2ros' returned '0': CMAKE_PREFIX_PATH=${CMAKE_PREFIX_PATH}:/opt/ros/jazzy /usr/bin/cmake --build /home/ubuntu/ASDFR/ASDfR-3/build/cam2image_vm2ros -- -j4 -l4
[0.504s] Invoking command in '/home/ubuntu/ASDFR/ASDfR-3/build/cam2image_vm2ros': CMAKE_PREFIX_PATH=${CMAKE_PREFIX_PATH}:/opt/ros/jazzy /usr/bin/cmake --install /home/ubuntu/ASDFR/ASDfR-3/build/cam2image_vm2ros
[0.524s] -- Install configuration: ""
[0.528s] -- Up-to-date: /home/ubuntu/ASDFR/ASDfR-3/install/cam2image_vm2ros/lib/cam2image_vm2ros/cam2image
[0.538s] -- Up-to-date: /home/ubuntu/ASDFR/ASDfR-3/install/cam2image_vm2ros/lib/libcam2image_vm2ros.so
[0.549s] -- Up-to-date: /home/ubuntu/ASDFR/ASDfR-3/install/cam2image_vm2ros/include/cam2image_vm2ros
[0.556s] -- Up-to-date: /home/ubuntu/ASDFR/ASDfR-3/install/cam2image_vm2ros/include/cam2image_vm2ros/base64.hpp
[0.557s] -- Up-to-date: /home/ubuntu/ASDFR/ASDfR-3/install/cam2image_vm2ros/include/cam2image_vm2ros/remote_capture.hpp
[0.560s] -- Up-to-date: /home/ubuntu/ASDFR/ASDfR-3/install/cam2image_vm2ros/include/cam2image_vm2ros/visibility_control.h
[0.561s] -- Up-to-date: /home/ubuntu/ASDFR/ASDfR-3/install/cam2image_vm2ros/include/cam2image_vm2ros/cam2image.hpp
[0.565s] -- Up-to-date: /home/ubuntu/ASDFR/ASDfR-3/install/cam2image_vm2ros/share/cam2image_vm2ros/environment/library_path.sh
[0.566s] -- Up-to-date: /home/ubuntu/ASDFR/ASDfR-3/install/cam2image_vm2ros/share/cam2image_vm2ros/environment/library_path.dsv
[0.571s] -- Up-to-date: /home/ubuntu/ASDFR/ASDfR-3/install/cam2image_vm2ros/share/ament_index/resource_index/package_run_dependencies/cam2image_vm2ros
[0.571s] -- Up-to-date: /home/ubuntu/ASDFR/ASDfR-3/install/cam2image_vm2ros/share/ament_index/resource_index/parent_prefix_path/cam2image_vm2ros
[0.572s] -- Up-to-date: /home/ubuntu/ASDFR/ASDfR-3/install/cam2image_vm2ros/share/cam2image_vm2ros/environment/ament_prefix_path.sh
[0.572s] -- Up-to-date: /home/ubuntu/ASDFR/ASDfR-3/install/cam2image_vm2ros/share/cam2image_vm2ros/environment/ament_prefix_path.dsv
[0.574s] -- Up-to-date: /home/ubuntu/ASDFR/ASDfR-3/install/cam2image_vm2ros/share/cam2image_vm2ros/environment/path.sh
[0.575s] -- Up-to-date: /home/ubuntu/ASDFR/ASDfR-3/install/cam2image_vm2ros/share/cam2image_vm2ros/environment/path.dsv
[0.575s] -- Up-to-date: /home/ubuntu/ASDFR/ASDfR-3/install/cam2image_vm2ros/share/cam2image_vm2ros/local_setup.bash
[0.576s] -- Up-to-date: /home/ubuntu/ASDFR/ASDfR-3/install/cam2image_vm2ros/share/cam2image_vm2ros/local_setup.sh
[0.578s] -- Up-to-date: /home/ubuntu/ASDFR/ASDfR-3/install/cam2image_vm2ros/share/cam2image_vm2ros/local_setup.zsh
[0.581s] -- Up-to-date: /home/ubuntu/ASDFR/ASDfR-3/install/cam2image_vm2ros/share/cam2image_vm2ros/local_setup.dsv
[0.583s] -- Installing: /home/ubuntu/ASDFR/ASDfR-3/install/cam2image_vm2ros/share/cam2image_vm2ros/package.dsv
[0.594s] -- Up-to-date: /home/ubuntu/ASDFR/ASDfR-3/install/cam2image_vm2ros/share/ament_index/resource_index/packages/cam2image_vm2ros
[0.596s] -- Up-to-date: /home/ubuntu/ASDFR/ASDfR-3/install/cam2image_vm2ros/share/ament_index/resource_index/rclcpp_components/cam2image_vm2ros
[0.601s] -- Up-to-date: /home/ubuntu/ASDFR/ASDfR-3/install/cam2image_vm2ros/share/cam2image_vm2ros/cmake/cam2image_vm2rosExport.cmake
[0.602s] -- Up-to-date: /home/ubuntu/ASDFR/ASDfR-3/install/cam2image_vm2ros/share/cam2image_vm2ros/cmake/cam2image_vm2rosExport-noconfig.cmake
[0.603s] -- Up-to-date: /home/ubuntu/ASDFR/ASDfR-3/install/cam2image_vm2ros/share/cam2image_vm2ros/cmake/ament_cmake_export_libraries-extras.cmake
[0.604s] -- Up-to-date: /home/ubuntu/ASDFR/ASDfR-3/install/cam2image_vm2ros/share/cam2image_vm2ros/cmake/ament_cmake_export_targets-extras.cmake
[0.606s] -- Up-to-date: /home/ubuntu/ASDFR/ASDfR-3/install/cam2image_vm2ros/share/cam2image_vm2ros/cmake/ament_cmake_export_dependencies-extras.cmake
[0.607s] -- Up-to-date: /home/ubuntu/ASDFR/ASDfR-3/install/cam2image_vm2ros/share/cam2image_vm2ros/cmake/cam2image_vm2rosConfig.cmake
[0.609s] -- Up-to-date: /home/ubuntu/ASDFR/ASDfR-3/install/cam2image_vm2ros/share/cam2image_vm2ros/cmake/cam2image_vm2rosConfig-version.cmake
[0.612s] -- Up-to-date: /home/ubuntu/ASDFR/ASDfR-3/install/cam2image_vm2ros/share/cam2image_vm2ros/package.xml
[0.621s] Invoked command in '/home/ubuntu/ASDFR/ASDfR-3/build/cam2image_vm2ros' returned '0': CMAKE_PREFIX_PATH=${CMAKE_PREFIX_PATH}:/opt/ros/jazzy /usr/bin/cmake --install /home/ubuntu/ASDFR/ASDfR-3/build/cam2image_vm2ros
