[0.076s] Invoking command in '/home/ubuntu/ASDFR/ASDfR-3/build/cam2image_vm2ros': CMAKE_PREFIX_PATH=/home/ubuntu/ASDFR/ASDfR-3/install/test_node:/home/ubuntu/ASDFR/ASDfR-3/install/relbot_simulator:/home/ubuntu/ASDFR/ASDfR-3/install/object_identifier:/home/ubuntu/ASDFR/ASDfR-3/install/colour_segmenter:/home/ubuntu/ASDFR/ASDfR-3/install/cam2image_vm2ros:/opt/ros/jazzy:/home/ubuntu/ASDFR/ASDfR-3/install/asdfr_msgs:/opt/ros/jazzy/opt/gz_sim_vendor:/opt/ros/jazzy/opt/gz_sensors_vendor:/opt/ros/jazzy/opt/gz_physics_vendor:/opt/ros/jazzy/opt/sdformat_vendor:/opt/ros/jazzy/opt/gz_gui_vendor:/opt/ros/jazzy/opt/gz_transport_vendor:/opt/ros/jazzy/opt/gz_rendering_vendor:/opt/ros/jazzy/opt/gz_plugin_vendor:/opt/ros/jazzy/opt/gz_fuel_tools_vendor:/opt/ros/jazzy/opt/gz_msgs_vendor:/opt/ros/jazzy/opt/gz_common_vendor:/opt/ros/jazzy/opt/gz_math_vendor:/opt/ros/jazzy/opt/gz_utils_vendor:/opt/ros/jazzy/opt/gz_tools_vendor:/opt/ros/jazzy/opt/gz_ogre_next_vendor:/opt/ros/jazzy/opt/gz_dartsim_vendor:/opt/ros/jazzy/opt/gz_cmake_vendor /usr/bin/cmake --build /home/ubuntu/ASDFR/ASDfR-3/build/cam2image_vm2ros -- -j4 -l4
[0.673s] [ 60%] Built target cam2image
[0.678s] [100%] Built target cam2image_vm2ros
[0.761s] Invoked command in '/home/ubuntu/ASDFR/ASDfR-3/build/cam2image_vm2ros' returned '0': CMAKE_PREFIX_PATH=/home/ubuntu/ASDFR/ASDfR-3/install/test_node:/home/ubuntu/ASDFR/ASDfR-3/install/relbot_simulator:/home/ubuntu/ASDFR/ASDfR-3/install/object_identifier:/home/ubuntu/ASDFR/ASDfR-3/install/colour_segmenter:/home/ubuntu/ASDFR/ASDfR-3/install/cam2image_vm2ros:/opt/ros/jazzy:/home/ubuntu/ASDFR/ASDfR-3/install/asdfr_msgs:/opt/ros/jazzy/opt/gz_sim_vendor:/opt/ros/jazzy/opt/gz_sensors_vendor:/opt/ros/jazzy/opt/gz_physics_vendor:/opt/ros/jazzy/opt/sdformat_vendor:/opt/ros/jazzy/opt/gz_gui_vendor:/opt/ros/jazzy/opt/gz_transport_vendor:/opt/ros/jazzy/opt/gz_rendering_vendor:/opt/ros/jazzy/opt/gz_plugin_vendor:/opt/ros/jazzy/opt/gz_fuel_tools_vendor:/opt/ros/jazzy/opt/gz_msgs_vendor:/opt/ros/jazzy/opt/gz_common_vendor:/opt/ros/jazzy/opt/gz_math_vendor:/opt/ros/jazzy/opt/gz_utils_vendor:/opt/ros/jazzy/opt/gz_tools_vendor:/opt/ros/jazzy/opt/gz_ogre_next_vendor:/opt/ros/jazzy/opt/gz_dartsim_vendor:/opt/ros/jazzy/opt/gz_cmake_vendor /usr/bin/cmake --build /home/ubuntu/ASDFR/ASDfR-3/build/cam2image_vm2ros -- -j4 -l4
[0.841s] Invoking command in '/home/ubuntu/ASDFR/ASDfR-3/build/cam2image_vm2ros': CMAKE_PREFIX_PATH=/home/ubuntu/ASDFR/ASDfR-3/install/test_node:/home/ubuntu/ASDFR/ASDfR-3/install/relbot_simulator:/home/ubuntu/ASDFR/ASDfR-3/install/object_identifier:/home/ubuntu/ASDFR/ASDfR-3/install/colour_segmenter:/home/ubuntu/ASDFR/ASDfR-3/install/cam2image_vm2ros:/opt/ros/jazzy:/home/ubuntu/ASDFR/ASDfR-3/install/asdfr_msgs:/opt/ros/jazzy/opt/gz_sim_vendor:/opt/ros/jazzy/opt/gz_sensors_vendor:/opt/ros/jazzy/opt/gz_physics_vendor:/opt/ros/jazzy/opt/sdformat_vendor:/opt/ros/jazzy/opt/gz_gui_vendor:/opt/ros/jazzy/opt/gz_transport_vendor:/opt/ros/jazzy/opt/gz_rendering_vendor:/opt/ros/jazzy/opt/gz_plugin_vendor:/opt/ros/jazzy/opt/gz_fuel_tools_vendor:/opt/ros/jazzy/opt/gz_msgs_vendor:/opt/ros/jazzy/opt/gz_common_vendor:/opt/ros/jazzy/opt/gz_math_vendor:/opt/ros/jazzy/opt/gz_utils_vendor:/opt/ros/jazzy/opt/gz_tools_vendor:/opt/ros/jazzy/opt/gz_ogre_next_vendor:/opt/ros/jazzy/opt/gz_dartsim_vendor:/opt/ros/jazzy/opt/gz_cmake_vendor /usr/bin/cmake --install /home/ubuntu/ASDFR/ASDfR-3/build/cam2image_vm2ros
[0.932s] -- Install configuration: ""
[0.935s] -- Up-to-date: /home/ubuntu/ASDFR/ASDfR-3/install/cam2image_vm2ros/lib/cam2image_vm2ros/cam2image
[0.942s] -- Up-to-date: /home/ubuntu/ASDFR/ASDfR-3/install/cam2image_vm2ros/lib/libcam2image_vm2ros.so
[0.948s] -- Up-to-date: /home/ubuntu/ASDFR/ASDfR-3/install/cam2image_vm2ros/include/cam2image_vm2ros
[0.952s] -- Up-to-date: /home/ubuntu/ASDFR/ASDfR-3/install/cam2image_vm2ros/include/cam2image_vm2ros/base64.hpp
[0.953s] -- Up-to-date: /home/ubuntu/ASDFR/ASDfR-3/install/cam2image_vm2ros/include/cam2image_vm2ros/remote_capture.hpp
[0.955s] -- Up-to-date: /home/ubuntu/ASDFR/ASDfR-3/install/cam2image_vm2ros/include/cam2image_vm2ros/visibility_control.h
[0.956s] -- Up-to-date: /home/ubuntu/ASDFR/ASDfR-3/install/cam2image_vm2ros/include/cam2image_vm2ros/cam2image.hpp
[0.958s] -- Up-to-date: /home/ubuntu/ASDFR/ASDfR-3/install/cam2image_vm2ros/share/cam2image_vm2ros/environment/library_path.sh
[0.959s] -- Up-to-date: /home/ubuntu/ASDFR/ASDfR-3/install/cam2image_vm2ros/share/cam2image_vm2ros/environment/library_path.dsv
[0.961s] -- Up-to-date: /home/ubuntu/ASDFR/ASDfR-3/install/cam2image_vm2ros/share/ament_index/resource_index/package_run_dependencies/cam2image_vm2ros
[0.962s] -- Up-to-date: /home/ubuntu/ASDFR/ASDfR-3/install/cam2image_vm2ros/share/ament_index/resource_index/parent_prefix_path/cam2image_vm2ros
[0.963s] -- Up-to-date: /home/ubuntu/ASDFR/ASDfR-3/install/cam2image_vm2ros/share/cam2image_vm2ros/environment/ament_prefix_path.sh
[0.964s] -- Up-to-date: /home/ubuntu/ASDFR/ASDfR-3/install/cam2image_vm2ros/share/cam2image_vm2ros/environment/ament_prefix_path.dsv
[0.966s] -- Up-to-date: /home/ubuntu/ASDFR/ASDfR-3/install/cam2image_vm2ros/share/cam2image_vm2ros/environment/path.sh
[0.966s] -- Up-to-date: /home/ubuntu/ASDFR/ASDfR-3/install/cam2image_vm2ros/share/cam2image_vm2ros/environment/path.dsv
[0.967s] -- Up-to-date: /home/ubuntu/ASDFR/ASDfR-3/install/cam2image_vm2ros/share/cam2image_vm2ros/local_setup.bash
[0.968s] -- Up-to-date: /home/ubuntu/ASDFR/ASDfR-3/install/cam2image_vm2ros/share/cam2image_vm2ros/local_setup.sh
[0.969s] -- Up-to-date: /home/ubuntu/ASDFR/ASDfR-3/install/cam2image_vm2ros/share/cam2image_vm2ros/local_setup.zsh
[0.970s] -- Up-to-date: /home/ubuntu/ASDFR/ASDfR-3/install/cam2image_vm2ros/share/cam2image_vm2ros/local_setup.dsv
[0.970s] -- Installing: /home/ubuntu/ASDFR/ASDfR-3/install/cam2image_vm2ros/share/cam2image_vm2ros/package.dsv
[0.982s] -- Up-to-date: /home/ubuntu/ASDFR/ASDfR-3/install/cam2image_vm2ros/share/ament_index/resource_index/packages/cam2image_vm2ros
[0.985s] -- Up-to-date: /home/ubuntu/ASDFR/ASDfR-3/install/cam2image_vm2ros/share/ament_index/resource_index/rclcpp_components/cam2image_vm2ros
[0.992s] -- Up-to-date: /home/ubuntu/ASDFR/ASDfR-3/install/cam2image_vm2ros/share/cam2image_vm2ros/cmake/cam2image_vm2rosExport.cmake
[0.996s] -- Up-to-date: /home/ubuntu/ASDFR/ASDfR-3/install/cam2image_vm2ros/share/cam2image_vm2ros/cmake/cam2image_vm2rosExport-noconfig.cmake
[1.001s] -- Up-to-date: /home/ubuntu/ASDFR/ASDfR-3/install/cam2image_vm2ros/share/cam2image_vm2ros/cmake/ament_cmake_export_libraries-extras.cmake
[1.006s] -- Up-to-date: /home/ubuntu/ASDFR/ASDfR-3/install/cam2image_vm2ros/share/cam2image_vm2ros/cmake/ament_cmake_export_targets-extras.cmake
[1.008s] -- Up-to-date: /home/ubuntu/ASDFR/ASDfR-3/install/cam2image_vm2ros/share/cam2image_vm2ros/cmake/ament_cmake_export_dependencies-extras.cmake
[1.012s] -- Up-to-date: /home/ubuntu/ASDFR/ASDfR-3/install/cam2image_vm2ros/share/cam2image_vm2ros/cmake/cam2image_vm2rosConfig.cmake
[1.014s] -- Up-to-date: /home/ubuntu/ASDFR/ASDfR-3/install/cam2image_vm2ros/share/cam2image_vm2ros/cmake/cam2image_vm2rosConfig-version.cmake
[1.016s] -- Up-to-date: /home/ubuntu/ASDFR/ASDfR-3/install/cam2image_vm2ros/share/cam2image_vm2ros/package.xml
[1.020s] Invoked command in '/home/ubuntu/ASDFR/ASDfR-3/build/cam2image_vm2ros' returned '0': CMAKE_PREFIX_PATH=/home/ubuntu/ASDFR/ASDfR-3/install/test_node:/home/ubuntu/ASDFR/ASDfR-3/install/relbot_simulator:/home/ubuntu/ASDFR/ASDfR-3/install/object_identifier:/home/ubuntu/ASDFR/ASDfR-3/install/colour_segmenter:/home/ubuntu/ASDFR/ASDfR-3/install/cam2image_vm2ros:/opt/ros/jazzy:/home/ubuntu/ASDFR/ASDfR-3/install/asdfr_msgs:/opt/ros/jazzy/opt/gz_sim_vendor:/opt/ros/jazzy/opt/gz_sensors_vendor:/opt/ros/jazzy/opt/gz_physics_vendor:/opt/ros/jazzy/opt/sdformat_vendor:/opt/ros/jazzy/opt/gz_gui_vendor:/opt/ros/jazzy/opt/gz_transport_vendor:/opt/ros/jazzy/opt/gz_rendering_vendor:/opt/ros/jazzy/opt/gz_plugin_vendor:/opt/ros/jazzy/opt/gz_fuel_tools_vendor:/opt/ros/jazzy/opt/gz_msgs_vendor:/opt/ros/jazzy/opt/gz_common_vendor:/opt/ros/jazzy/opt/gz_math_vendor:/opt/ros/jazzy/opt/gz_utils_vendor:/opt/ros/jazzy/opt/gz_tools_vendor:/opt/ros/jazzy/opt/gz_ogre_next_vendor:/opt/ros/jazzy/opt/gz_dartsim_vendor:/opt/ros/jazzy/opt/gz_cmake_vendor /usr/bin/cmake --install /home/ubuntu/ASDFR/ASDfR-3/build/cam2image_vm2ros
